[    0.000000] Linux version 4.15.0-70-generic (buildd@lgw01-amd64-055) (gcc version 7.4.0 (Ubuntu 7.4.0-1ubuntu1~18.04.1)) #79-Ubuntu SMP Tue Nov 12 10:36:11 UTC 2019 (Ubuntu 4.15.0-70.79-generic 4.15.18)
[    0.000000] Command line: BOOT_IMAGE=/boot/vmlinuz-4.15.0-70-generic root=LABEL=cloudimg-rootfs ro console=tty1 console=ttyS0
[    0.000000] KERNEL supported cpus:
[    0.000000]   Intel GenuineIntel
[    0.000000]   AMD AuthenticAMD
[    0.000000]   Centaur CentaurHauls
[    0.000000] x86/fpu: Supporting XSAVE feature 0x001: 'x87 floating point registers'
[    0.000000] x86/fpu: Supporting XSAVE feature 0x002: 'SSE registers'
[    0.000000] x86/fpu: Supporting XSAVE feature 0x004: 'AVX registers'
[    0.000000] x86/fpu: xstate_offset[2]:  576, xstate_sizes[2]:  256
[    0.000000] x86/fpu: Enabled xstate features 0x7, context size is 832 bytes, using 'standard' format.
[    0.000000] e820: BIOS-provided physical RAM map:
[    0.000000] BIOS-e820: [mem 0x0000000000000000-0x000000000009fbff] usable
[    0.000000] BIOS-e820: [mem 0x000000000009fc00-0x000000000009ffff] reserved
[    0.000000] BIOS-e820: [mem 0x00000000000f0000-0x00000000000fffff] reserved
[    0.000000] BIOS-e820: [mem 0x0000000000100000-0x000000007ffeffff] usable
[    0.000000] BIOS-e820: [mem 0x000000007fff0000-0x000000007fffffff] ACPI data
[    0.000000] BIOS-e820: [mem 0x00000000fec00000-0x00000000fec00fff] reserved
[    0.000000] BIOS-e820: [mem 0x00000000fee00000-0x00000000fee00fff] reserved
[    0.000000] BIOS-e820: [mem 0x00000000fffc0000-0x00000000ffffffff] reserved
[    0.000000] NX (Execute Disable) protection: active
[    0.000000] SMBIOS 2.5 present.
[    0.000000] DMI: innotek GmbH VirtualBox/VirtualBox, BIOS VirtualBox 12/01/2006
[    0.000000] Hypervisor detected: KVM
[    0.000000] e820: last_pfn = 0x7fff0 max_arch_pfn = 0x400000000
[    0.000000] MTRR: Disabled
[    0.000000] x86/PAT: MTRRs disabled, skipping PAT initialization too.
[    0.000000] CPU MTRRs all blank - virtualized system.
[    0.000000] x86/PAT: Configuration [0-7]: WB  WT  UC- UC  WB  WT  UC- UC  
[    0.000000] found SMP MP-table at [mem 0x0009fff0-0x0009ffff]
[    0.000000] Scanning 1 areas for low memory corruption
[    0.000000] RAMDISK: [mem 0x35a87000-0x36d3afff]
[    0.000000] ACPI: Early table checksum verification disabled
[    0.000000] ACPI: RSDP 0x00000000000E0000 000024 (v02 VBOX  )
[    0.000000] ACPI: XSDT 0x000000007FFF0030 00003C (v01 VBOX   VBOXXSDT 00000001 ASL  00000061)
[    0.000000] ACPI: FACP 0x000000007FFF00F0 0000F4 (v04 VBOX   VBOXFACP 00000001 ASL  00000061)
[    0.000000] ACPI: DSDT 0x000000007FFF0470 0021FF (v02 VBOX   VBOXBIOS 00000002 INTL 20180105)
[    0.000000] ACPI: FACS 0x000000007FFF0200 000040
[    0.000000] ACPI: FACS 0x000000007FFF0200 000040
[    0.000000] ACPI: APIC 0x000000007FFF0240 00005C (v02 VBOX   VBOXAPIC 00000001 ASL  00000061)
[    0.000000] ACPI: SSDT 0x000000007FFF02A0 0001CC (v01 VBOX   VBOXCPUT 00000002 INTL 20180105)
[    0.000000] No NUMA configuration found
[    0.000000] Faking a node at [mem 0x0000000000000000-0x000000007ffeffff]
[    0.000000] NODE_DATA(0) allocated [mem 0x7ffc5000-0x7ffeffff]
[    0.000000] kvm-clock: cpu 0, msr 0:7ff44001, primary cpu clock
[    0.000000] kvm-clock: Using msrs 4b564d01 and 4b564d00
[    0.000000] kvm-clock: using sched offset of 3489836851 cycles
[    0.000000] clocksource: kvm-clock: mask: 0xffffffffffffffff max_cycles: 0x1cd42e4dffb, max_idle_ns: 881590591483 ns
[    0.000000] Zone ranges:
[    0.000000]   DMA      [mem 0x0000000000001000-0x0000000000ffffff]
[    0.000000]   DMA32    [mem 0x0000000001000000-0x000000007ffeffff]
[    0.000000]   Normal   empty
[    0.000000]   Device   empty
[    0.000000] Movable zone start for each node
[    0.000000] Early memory node ranges
[    0.000000]   node   0: [mem 0x0000000000001000-0x000000000009efff]
[    0.000000]   node   0: [mem 0x0000000000100000-0x000000007ffeffff]
[    0.000000] Reserved but unavailable: 98 pages
[    0.000000] Initmem setup node 0 [mem 0x0000000000001000-0x000000007ffeffff]
[    0.000000] ACPI: PM-Timer IO Port: 0x4008
[    0.000000] IOAPIC[0]: apic_id 2, version 32, address 0xfec00000, GSI 0-23
[    0.000000] ACPI: INT_SRC_OVR (bus 0 bus_irq 0 global_irq 2 dfl dfl)
[    0.000000] ACPI: INT_SRC_OVR (bus 0 bus_irq 9 global_irq 9 low level)
[    0.000000] Using ACPI (MADT) for SMP configuration information
[    0.000000] smpboot: Allowing 2 CPUs, 0 hotplug CPUs
[    0.000000] PM: Registered nosave memory: [mem 0x00000000-0x00000fff]
[    0.000000] PM: Registered nosave memory: [mem 0x0009f000-0x0009ffff]
[    0.000000] PM: Registered nosave memory: [mem 0x000a0000-0x000effff]
[    0.000000] PM: Registered nosave memory: [mem 0x000f0000-0x000fffff]
[    0.000000] e820: [mem 0x80000000-0xfebfffff] available for PCI devices
[    0.000000] Booting paravirtualized kernel on KVM
[    0.000000] clocksource: refined-jiffies: mask: 0xffffffff max_cycles: 0xffffffff, max_idle_ns: 7645519600211568 ns
[    0.000000] random: get_random_bytes called from start_kernel+0x99/0x4fd with crng_init=0
[    0.000000] setup_percpu: NR_CPUS:8192 nr_cpumask_bits:2 nr_cpu_ids:2 nr_node_ids:1
[    0.000000] percpu: Embedded 45 pages/cpu s147456 r8192 d28672 u1048576
[    0.000000] PV qspinlock hash table entries: 256 (order: 0, 4096 bytes)
[    0.000000] Built 1 zonelists, mobility grouping on.  Total pages: 515961
[    0.000000] Policy zone: DMA32
[    0.000000] Kernel command line: BOOT_IMAGE=/boot/vmlinuz-4.15.0-70-generic root=LABEL=cloudimg-rootfs ro console=tty1 console=ttyS0
[    0.000000] Memory: 2015628K/2096696K available (12300K kernel code, 2481K rwdata, 4264K rodata, 2432K init, 2388K bss, 81068K reserved, 0K cma-reserved)
[    0.000000] SLUB: HWalign=64, Order=0-3, MinObjects=0, CPUs=2, Nodes=1
[    0.000000] Kernel/User page tables isolation: enabled
[    0.000000] ftrace: allocating 39315 entries in 154 pages
[    0.004000] Hierarchical RCU implementation.
[    0.004000] 	RCU restricting CPUs from NR_CPUS=8192 to nr_cpu_ids=2.
[    0.004000] 	Tasks RCU enabled.
[    0.004000] RCU: Adjusting geometry for rcu_fanout_leaf=16, nr_cpu_ids=2
[    0.004000] NR_IRQS: 524544, nr_irqs: 440, preallocated irqs: 16
[    0.004000] Console: colour VGA+ 80x25
[    0.004000] console [tty1] enabled
[    0.004000] console [ttyS0] enabled
[    0.004000] ACPI: Core revision 20170831
[    0.004000] ACPI: 2 ACPI AML tables successfully acquired and loaded
[    0.004000] APIC: Switch to symmetric I/O mode setup
[    0.004000] x2apic enabled
[    0.004000] Switched APIC routing to physical x2apic.
[    0.004000] ..TIMER: vector=0x30 apic1=0 pin1=2 apic2=-1 pin2=-1
[    0.004006] tsc: Detected 2904.000 MHz processor
[    0.004749] Calibrating delay loop (skipped) preset value.. 5808.00 BogoMIPS (lpj=11616000)
[    0.008007] pid_max: default: 32768 minimum: 301
[    0.008985] Security Framework initialized
[    0.009761] Yama: becoming mindful.
[    0.012034] AppArmor: AppArmor initialized
[    0.016538] Dentry cache hash table entries: 262144 (order: 9, 2097152 bytes)
[    0.018193] Inode-cache hash table entries: 131072 (order: 8, 1048576 bytes)
[    0.020030] Mount-cache hash table entries: 4096 (order: 3, 32768 bytes)
[    0.024014] Mountpoint-cache hash table entries: 4096 (order: 3, 32768 bytes)
[    0.028216] Last level iTLB entries: 4KB 64, 2MB 8, 4MB 8
[    0.028883] Last level dTLB entries: 4KB 64, 2MB 0, 4MB 0, 1GB 4
[    0.029607] Spectre V1 : Mitigation: usercopy/swapgs barriers and __user pointer sanitization
[    0.032011] Spectre V2 : Mitigation: Full generic retpoline
[    0.032893] Spectre V2 : Spectre v2 / SpectreRSB mitigation: Filling RSB on context switch
[    0.036005] Speculative Store Bypass: Vulnerable
[    0.038405] MDS: Mitigation: Clear CPU buffers
[    0.040147] Freeing SMP alternatives memory: 36K
[    0.152059] smpboot: CPU0: Intel(R) Core(TM) i7-7500U CPU @ 2.70GHz (family: 0x6, model: 0x8e, stepping: 0x9)
[    0.153589] Performance Events: unsupported p6 CPU model 142 no PMU driver, software events only.
[    0.154938] Hierarchical SRCU implementation.
[    0.156122] NMI watchdog: Perf event create on CPU 0 failed with -2
[    0.157089] NMI watchdog: Perf NMI watchdog permanently disabled
[    0.160066] smp: Bringing up secondary CPUs ...
[    0.164070] x86: Booting SMP configuration:
[    0.164715] .... node  #0, CPUs:      #1
[    0.004000] kvm-clock: cpu 1, msr 0:7ff44041, secondary cpu clock
[    0.168017] smp: Brought up 1 node, 2 CPUs
[    0.168639] smpboot: Max logical packages: 1
[    0.172012] smpboot: Total of 2 processors activated (11616.00 BogoMIPS)
[    0.176152] devtmpfs: initialized
[    0.176585] x86/mm: Memory block size: 128MB
[    0.177529] evm: security.selinux
[    0.178007] evm: security.SMACK64
[    0.180005] evm: security.SMACK64EXEC
[    0.180581] evm: security.SMACK64TRANSMUTE
[    0.181207] evm: security.SMACK64MMAP
[    0.181794] evm: security.apparmor
[    0.182329] evm: security.ima
[    0.184005] evm: security.capability
[    0.184631] clocksource: jiffies: mask: 0xffffffff max_cycles: 0xffffffff, max_idle_ns: 7645041785100000 ns
[    0.187463] futex hash table entries: 512 (order: 3, 32768 bytes)
[    0.188081] pinctrl core: initialized pinctrl subsystem
[    0.192089] RTC time: 22:56:34, date: 11/18/19
[    0.192918] NET: Registered protocol family 16
[    0.193748] audit: initializing netlink subsys (disabled)
[    0.196050] audit: type=2000 audit(1574117798.279:1): state=initialized audit_enabled=0 res=1
[    0.197136] cpuidle: using governor ladder
[    0.197136] cpuidle: using governor menu
[    0.197369] ACPI: bus type PCI registered
[    0.200009] acpiphp: ACPI Hot Plug PCI Controller Driver version: 0.5
[    0.200869] PCI: Using configuration type 1 for base access
[    0.201667] HugeTLB registered 2.00 MiB page size, pre-allocated 0 pages
[    0.204094] ACPI: Added _OSI(Module Device)
[    0.204636] ACPI: Added _OSI(Processor Device)
[    0.205197] ACPI: Added _OSI(3.0 _SCP Extensions)
[    0.205785] ACPI: Added _OSI(Processor Aggregator Device)
[    0.206495] ACPI: Added _OSI(Linux-Dell-Video)
[    0.208011] ACPI: Added _OSI(Linux-Lenovo-NV-HDMI-Audio)
[    0.208796] ACPI: Added _OSI(Linux-HPI-Hybrid-Graphics)
[    0.209787] ACPI: Executed 1 blocks of module-level executable AML code
[    0.212809] ACPI: Interpreter enabled
[    0.216018] ACPI: (supports S0 S5)
[    0.216468] ACPI: Using IOAPIC for interrupt routing
[    0.217264] PCI: Using host bridge windows from ACPI; if necessary, use "pci=nocrs" and report a bug
[    0.218521] ACPI: Enabled 2 GPEs in block 00 to 07
[    0.227592] ACPI: PCI Root Bridge [PCI0] (domain 0000 [bus 00-ff])
[    0.228017] acpi PNP0A03:00: _OSC: OS supports [ASPM ClockPM Segments MSI]
[    0.232048] acpi PNP0A03:00: _OSC: not requesting OS control; OS requires [ExtendedConfig ASPM ClockPM MSI]
[    0.233429] acpi PNP0A03:00: fail to add MMCONFIG information, can't access extended PCI configuration space under this bridge.
[    0.236326] PCI host bridge to bus 0000:00
[    0.236853] pci_bus 0000:00: root bus resource [io  0x0000-0x0cf7 window]
[    0.237703] pci_bus 0000:00: root bus resource [io  0x0d00-0xffff window]
[    0.238531] pci_bus 0000:00: root bus resource [mem 0x000a0000-0x000bffff window]
[    0.240028] pci_bus 0000:00: root bus resource [mem 0x80000000-0xfdffffff window]
[    0.244012] pci_bus 0000:00: root bus resource [bus 00-ff]
[    0.248781] pci 0000:00:01.1: legacy IDE quirk: reg 0x10: [io  0x01f0-0x01f7]
[    0.249643] pci 0000:00:01.1: legacy IDE quirk: reg 0x14: [io  0x03f6]
[    0.252004] pci 0000:00:01.1: legacy IDE quirk: reg 0x18: [io  0x0170-0x0177]
[    0.253037] pci 0000:00:01.1: legacy IDE quirk: reg 0x1c: [io  0x0376]
[    0.282549] pci 0000:00:07.0: quirk: [io  0x4000-0x403f] claimed by PIIX4 ACPI
[    0.283728] pci 0000:00:07.0: quirk: [io  0x4100-0x410f] claimed by PIIX4 SMB
[    0.300149] ACPI: PCI Interrupt Link [LNKA] (IRQs 5 9 10 *11)
[    0.304064] ACPI: PCI Interrupt Link [LNKB] (IRQs 5 9 *10 11)
[    0.305180] ACPI: PCI Interrupt Link [LNKC] (IRQs 5 *9 10 11)
[    0.306140] ACPI: PCI Interrupt Link [LNKD] (IRQs 5 9 10 *11)
[    0.307226] SCSI subsystem initialized
[    0.308028] pci 0000:00:02.0: vgaarb: setting as boot VGA device
[    0.308772] pci 0000:00:02.0: vgaarb: VGA device added: decodes=io+mem,owns=io+mem,locks=none
[    0.312010] pci 0000:00:02.0: vgaarb: bridge control possible
[    0.312721] vgaarb: loaded
[    0.316043] ACPI: bus type USB registered
[    0.316581] usbcore: registered new interface driver usbfs
[    0.320027] usbcore: registered new interface driver hub
[    0.320755] usbcore: registered new device driver usb
[    0.321628] EDAC MC: Ver: 3.0.0
[    0.324204] PCI: Using ACPI for IRQ routing
[    0.324906] NetLabel: Initializing
[    0.325453] NetLabel:  domain hash size = 128
[    0.326145] NetLabel:  protocols = UNLABELED CIPSOv4 CALIPSO
[    0.327004] NetLabel:  unlabeled traffic allowed by default
[    0.328095] clocksource: Switched to clocksource kvm-clock
[    0.340243] VFS: Disk quotas dquot_6.6.0
[    0.341068] VFS: Dquot-cache hash table entries: 512 (order 0, 4096 bytes)
[    0.342219] AppArmor: AppArmor Filesystem Enabled
[    0.342966] pnp: PnP ACPI init
[    0.344267] pnp: PnP ACPI: found 3 devices
[    0.352763] clocksource: acpi_pm: mask: 0xffffff max_cycles: 0xffff, max_idle_ns: 208701024 ns
[    0429056] NET: Registered protocol family 2

[    0.454146] TCP established hash table entries: 16384 (order: 5, 131072 bytes)
[    0.455085] TCP bind hash table entries: 16384 (order: 6, 262144 bytes)
[    0.455900] TCP: Hash tables configured (established 16384 bind 16384)
[    0.457252] UDP hash table entries: 1024 (order: 3, 32768 bytes)
[   5728] UDP-Lite hash table entries: 1024 (order: 3, 32768 bytes)
[    0.686786] NET: Regisered protocol family 1
[    0.717982] pci 0000:00:00.0: Limiting re PI/I trnsrs
[    0.934529] pci 0000:0001.0: Activating ISA DMA hang workarounds
[    0.957371] pci 0000:00:02. Video device with shadowed ROM at [mem 0x000c0000-0x000dffff]
[    1.001782] Unpacking initramfs...

[    1.263080] Freeing initrd memory: 19152K
[    1.277712] clocksource: tsc: mask: 0xffffffffffffffff max_cycles: 0x29dc05e54fc, max_idle_ns: 440795291716 ns
[    1.279365] platform rtc_cmos: registered platform RTC device (no PNP device found)
[    1.280431] Scanning for low memory corruption every 60 seconds
[    1.281678] Initialise system trusted keyrings
[    1.296651] Key type blacklist registered
[    1.297238] workingset: timestamp_bits=36 max_order=19 bucket_order=0
[    1.298835] zbud: loaded
[    1.310528] squashfs: version 4.0 (2009/01/31) Phillip Lougher
[    1.311665] fuse init (API version 7.26)
[    1.347468] Key type asymmetric registered
[    1.348063] Asymmetric key parser 'x509' registered
[    1.348738] Block layer SCSI generic (bsg) driver version 0.4 loaded (major 246)
[    1.349764] io scheduler noop registered
[    1.350279] io scheduler deadline registered
[    1.350846] io scheduler cfq registered (default)
[    1.351662] ACPI: AC Adapter [AC] (on-line)
[    1.352277] input: Power Button as /devices/LNXSYSTM:00/LNXPWRBN:00/input/input0
[    1.353237] ACPI: Power Button [PWRF]
[    1.360531] input: Sleep Button as /devices/LNXSYSTM:00/LNXSLPBN:00/input/input1
[    1.368236] ACPI: Sleep Button [SLPF]
[    1.369971] ACPI: Battery Slot [BAT0] (battery present)
[    1.372181] Serial: 8250/16550 driver, 32 ports, IRQ sharing enabled
[    1.403708] 00:02: ttyS0 at I/O 0x3f8 (irq = 4, base_baud = 115200) is a 16550A
[    1.494135] Linux agpgart interface v0.103
[    1.509514] loop: module loaded
[    1.523033] scsi host0: ata_piix
[    1.534269] scsi host1: ata_piix
[    1.572385] ata1: PATA max UDMA/33 cmd 0x1f0 ctl 0x3f6 bmdma 0xd000 irq 14
[    1.573379] ata2: PATA max UDMA/33 cmd 0x170 ctl 0x376 bmdma 0xd008 irq 15
[    1.574514] libphy: Fixed MDIO Bus: probed
[    1.575158] tun: Universal TUN/TAP device driver, 1.6
[    1.575967] PPP generic driver version 2.4.2
[    1.682228] ehci_hcd: USB 2.0 'Enhanced' Host Controller (EHCI) Driver
[    1.683057] ehci-pci: EHCI PCI platform driver
[    1.694097] ehci-platform: EHCI generic platform driver
[    1.715686] ohci_hcd: USB 1.1 'Open' Host Controller (OHCI) Driver
[    1.718015] ohci-pci: OHCI PCI platform driver
[    1.719847] ohci-platform: OHCI generic platform driver
[    1.722086] uhci_hcd: USB Universal Host Controller Interface driver
[    1.724788] i8042: PNP: PS/2 Controller [PNP0303:PS2K,PNP0f03:PS2M] at 0x60,0x64 irq 1,12
[    1.728398] serio: i8042 KBD port at 0x60,0x64 irq 1
[    1.742924] serio: i8042 AUX port at 0x60,0x64 irq 12
[    1.744191] mousedev: PS/2 mouse device common for all mice
[    1.745767] input: AT Translated Set 2 keyboard as /devices/platform/i8042/serio0/input/input2
[    1.749586] rtc_cmos rtc_cmos: rtc core: registered rtc_cmos as rtc0
[    1.751785] rtc_cmos rtc_cmos: alarms up to one day, 114 bytes nvram
[    1.759001] i2c /dev entries driver
[    1.760467] device-mapper: uevent: version 1.0.3
[    1.762150] device-mapper: ioctl: 4.37.0-ioctl (2017-09-20) initialised: dm-devel@redhat.com
[    1.769100] ledtrig-cpu: registered to indicate activity on CPUs
[    1.770477] NET: Registered protocol family 10
[    1.774116] Segment Routing with IPv6
[    1.786020] NET: Registered protocol family 17
[    1.792073] Key type dns_resolver registered
[    1.792905] mce: Using 0 MCE banks
[    1.793462] RAS: Correctable Errors collector initialized.
[    1.794329] sched_clock: Marking stable (1792886296, 0)->(2580729634, -787843338)
[    1.795921] registered taskstats version 1
[    1.796495] Loading compiled-in X.509 certificates
[    1.799017] Loaded X.509 cert 'Build time autogenerated kernel key: 1859b0531897959199376c446a0bd70df75fd1fc'
[    1.800273] zswap: loaded using pool lzo/zbud
[    1.811839] Key type big_key registered
[    1.812396] Key type trusted registered
[    1.814178] Key type encrypted registered
[    1.814737] AppArmor: AppArmor sha1 policy hashing enabled
[    1.837052] ima: No TPM chip found, activating TPM-bypass! (rc=-19)
[    1.840744] ima: Allocated hash algorithm: sha1
[    1.848570] evm: HMAC attrs: 0x1
[    1.872481]   Magic number: 11:609:957
[    1.873046] rtc_cmos rtc_cmos: setting system clock to 2019-11-18 22:56:36 UTC (1574117796)
[    1.877379] BIOS EDD facility v0.16 2004-Jun-25, 0 devices found
[    1.888893] EDD information not available.
[    1.891999] Freeing unused kernel image memory: 2432K
[    1.912110] Write protecting the kernel read-only data: 20480k
[    1.919095] Freeing unused kernel image memory: 2008K
[    1.925521] Freeing unused kernel image memory: 1880K
[    1.937726] x86/mm: Checked W+X mappings: passed, no W+X pages found.
[    1.938762] x86/mm: Checking user space page tables
[    1.945121] x86/mm: Checked W+X mappings: passed, no W+X pages found.
Loading, please wait...
starting version 237
[    2.009259] e1000: Intel(R) PRO/1000 Network Driver - version 7.3.21-k8-NAPI
[    2.012971] e1000: Copyright (c) 1999-2006 Intel Corporation.
[    2.013785] Fusion MPT base driver 3.04.20
[    2.014442] Copyright (c) 1999-2008 LSI Corporation
[    2.019262] Fusion MPT SPI Host driver 3.04.20
[    2.038303] AVX2 version of gcm_enc/dec engaged.
[    2.050771] AES CTR mode by8 optimization enabled
[    2.224262] input: ImExPS/2 Generic Explorer Mouse as /devices/platform/i8042/serio1/input/input4
[    2.398436] e1000 0000:00:03.0 eth0: (PCI:33MHz:32-bit) 02:51:75:a4:93:2b
[    2.437918] e1000 0000:00:03.0 eth0: Intel(R) PRO/1000 Network Connection
[    2.439724] mptbase: ioc0: Initiating bringup
[    2.536925] ioc0: LSI53C1030 A0: Capabilities={Initiator}
[    2.785461] scsi host2: ioc0: LSI53C1030 A0, FwRev=00000000h, Ports=1, MaxQ=256, IRQ=20
[    2.956918] scsi 2:0:0:0: Direct-Access     VBOX     HARDDISK         1.0  PQ: 0 ANSI: 5
[    3.004247] scsi target2:0:0: Beginning Domain Validation
[    3.075295] scsi target2:0:0: Domain Validation skipping write tests
[    3.088122] scsi target2:0:0: Ending Domain Validation
[    3.125176] scsi target2:0:0: asynchronous
[    3.126360] scsi 2:0:1:0: Direct-Access     VBOX     HARDDISK         1.0  PQ: 0 ANSI: 5
[    3.368502] scsi target2:0:1: Beginning Domain Validation
[    3.385181] random: fast init done
[    3.388708] scsi target2:0:1: Domain Validation skipping write tests
[    3.390827] scsi target2:0:1: Ending Domain Validation
[    3.393214] scsi target2:0:1: asynchronous
[    3.397929] random: systemd-udevd: uninitialized urandom read (16 bytes read)
[    3.399228] e1000 0000:00:08.0 eth1: (PCI:33MHz:32-bit) 08:00:27:36:25:99
[    3.432954] sd 2:0:0:0: [sda] 104857600 512-byte logical blocks: (53.7 GB/50.0 GiB)
[    3.433495] e1000 0000:00:08.0 eth1: Intel(R) PRO/1000 Network Connection
[    3.434753] sd 2:0:0:0: [sda] Write Protect is off
[    3.485770] sd 2:0:0:0: Attached scsi generic sg0 type 0
[    3.485888] random: systemd-udevd: uninitialized urandom read (16 bytes read)
[    3.487582] sd 2:0:1:0: Attached scsi generic sg1 type 0
[    3.489707] random: systemd-udevd: uninitialized urandom read (16 bytes read)
[    3.490592] sd 2:0:1:0: [sdb] 20480 512-byte logical blocks: (10.5 MB/10.0 MiB)
[    3.505135] sd 2:0:1:0: [sdb] Write Protect is off
[    3.505865] sd 2:0:1:0: [sdb] Incomplete mode parameter data
[    3.505886] e1000 0000:00:03.0 enp0s3: renamed from eth0
[    3.508672] sd 2:0:1:0: [sdb] Assuming drive cache: write through
[    3.520340] sd 2:0:0:0: [sda] Incomplete mode parameter data
[    3.522537] sd 2:0:0:0: [sda] Assuming drive cache: write through
[    3.527289]  sda: sda1
[    3.537208] sd 2:0:0:0: [sda] Attached SCSI disk
[    3.537846] sd 2:0:1:0: [sdb] Attached SCSI disk
[    3.546241] e1000 0000:00:08.0 enp0s8: renamed from eth1
Begin: Loading essential drivers ... [    5.072096] raid6: sse2x1   gen() 10780 MB/s
[    5.122222] raid6: sse2x1   xor()  8430 MB/s
[    5.176065] raid6: sse2x2   gen() 13703 MB/s
[    5.224058] raid6: sse2x2   xor()  9170 MB/s
[    5.278152] raid6: sse2x4   gen() 16931 MB/s
[    5.326137] raid6: sse2x4   xor() 10260 MB/s
[    5.372047] raid6: avx2x1   gen() 18863 MB/s
[    5.420141] raid6: avx2x1   xor() 14436 MB/s
[    5.500058] raid6: avx2x2   gen() 24396 MB/s
[    5.576063] raid6: avx2x2   xor() 17252 MB/s
[    5.628017] raid6: avx2x4   gen() 31010 MB/s
[    5.680078] raid6: avx2x4   xor() 17725 MB/s
[    5.693821] raid6: using algorithm avx2x4 gen() 31010 MB/s
[    5.699788] raid6: .... xor() 17725 MB/s, rmw enabled
[    5.700433] raid6: using avx2x2 recovery algorithm
[    5.712764] xor: automatically using best checksumming function   avx       
[    5.715020] async_tx: api initialized (async)
done.
Begin: Running /scripts/init-premount ... done.
Begin: Mounting root file system ... Begin: Running /scripts/local-top ... done.
Begin: Running /scripts/local-premount ... [    5.797223] Btrfs loaded, crc32c=crc32c-intel
Scanning for Btrfs filesystems
done.
Warning: fsck no[    5.859500] EXT4-fs (sda1): mounted filesystem with ordered data mode. Opts: (null)
t present, so skipping root file system
done.
Begin: Running /scripts/local-bottom ... done.
Begin: Running /scripts/init-bottom ... done.
[    6.213860] ip_tables: (C) 2000-2006 Netfilter Core Team
[    6.273008] systemd[1]: systemd 237 running in system mode. (+PAM +AUDIT +SELINUX +IMA +APPARMOR +SMACK +SYSVINIT +UTMP +LIBCRYPTSETUP +GCRYPT +GNUTLS +ACL +XZ +LZ4 +SECCOMP +BLKID +ELFUTILS +KMOD -IDN2 +IDN -PCRE2 default-hierarchy=hybrid)
[    6.395031] systemd[1]: Detected virtualization oracle.
[    6.413148] systemd[1]: Detected architecture x86-64.

Welcome to [1mUbuntu 18.04.3 LTS[0m!

[    6.442234] systemd[1]: Set hostname to <ubuntu>.
[    6.446301] systemd[1]: Initializing machine ID from random generator.
[    6.447321] systemd[1]: Installed transient /etc/machine-id file.
[    6.720129] systemd[1]: Created slice User and Session Slice.
[[0;32m  OK  [0m] Created slice User and Session Slice.
[    6.721616] systemd[1]: Started Forward Password Requests to Wall Directory Watch.
[[0;32m  OK  [0m] Started Forward Password Requests to Wall Directory Watch.
[    6.723645] systemd[1]: Created slice System Slice.
[[0;32m  OK  [0m] Created slice System Slice.
[    6.725077] systemd[1]: Listening on /dev/initctl Compatibility Named Pipe.
[[0;32m  OK  [0m] Listening on /dev/initctl Compatibility Named Pipe.
[[0;32m  OK  [0m] Listening on Network Service Netlink Socket.
[[0;32m  OK  [0m] Listening on udev Control Socket.
[[0;32m  OK  [0m] Listening on Journal Socket (/dev/log).
[[0;32m  OK  [0m] Created slice system-serial\x2dgetty.slice.
[[0;32m  OK  [0m] Reached target System Time Synchronized.
[[0;32m  OK  [0m] Listening on LVM2 metadata daemon socket.
[[0;32m  OK  [0m] Reached target Swap.
[[0;32m  OK  [0m] Set up automount Arbitrary Executab…rmats File System Automount Point.
[[0;32m  OK  [0m] Listening on udev Kernel Socket.
[[0;32m  OK  [0m] Listening on Journal Socket.
         Starting Create list of required st…ce nodes for the current kernel...
         Starting Remount Root and Kernel File Systems...
         Mounting Kernel Debug File System...
[    6.868837] EXT4-fs (sda1): re-mounted. Opts: (null)
         Mounting Huge Pages File System...
         Starting udev Coldplug all Devices...
         Starting Load Kernel Modules...
         Mounting POSIX Message Queue File System...
[[0;32m  OK  [0m] Listening on Device-mapper event daemon FIFO[    7.013849] Loading iSCSI transport class v2.0-870.
s.
         Starting Monitoring of LVM2 mirrors…ng dmeventd or pr[    7.038928] iscsi: registered transport (tcp)
ogress polling...
[    7.079783] iscsi: registered transport (iser)
[[0;32m  OK  [0m] Listening on LVM2 poll daemon socket.
[[0;32m  OK  [0m] Reached target Slices.
         Starting Set the console keyboard layout...
         Starting Uncomplicated firewall...
[[0;32m  OK  [0m] Listening on Syslog Socket.
[[0;32m  OK  [0m] Listening on Journal Audit Socket.
         Starting Journal Service...
[[0;32m  OK  [0m] Reached target User and Group Name Lookups.
[[0;32m  OK  [0m] Started Create list of required sta…vice nodes for the current kernel.
[[0;32m  OK  [0m] Started Journal Service.
[[0;32m  OK  [0m] Started Remount Root and Kernel File Systems.
[[0;32m  OK  [0m] Mounted Kernel Debug File System.
[[0;32m  OK  [0m] Mounted Huge Pages File System.
[[0;32m  OK  [0m] Started Load Kernel Modules.
[[0;32m  OK  [0m] Mounted POSIX Message Queue File System.
[[0;32m  OK  [0m] Started Set the console keyboard layout.
[[0;32m  OK  [0m] Started Uncomplicated firewall.
[[0;32m  OK  [0m] Started udev Coldplug all Devices.
[[0;32m  OK  [0m] Started LVM2 metadata daemon.
         Mounting FUSE Control File System...
         Mounting Kernel Configuration File System...
         Starting Apply Kernel Variables...
         Starting Load/Save Random Seed...
         Starting Flush Journal to Persistent Storage...
         Starting Create Static Device Nodes in /dev...
[[0;32m  OK  [0m] Mounted FUSE Control File System.
[[0;32m  OK  [0m] Mounted Kernel Configuration File System.
[[0;32m  OK  [0m] Started Load/Save Random Seed.
[[0;32m  OK  [0m] Started Monitoring of LVM2 mirrors,…sing dmeventd or progress polling.
[[0;32m  OK  [0m] Started Apply Kernel Variables.
[[0;32m  OK  [0m] Started Create Static Device Nodes in /dev.
         Starting udev Kernel Device Manager...
[[0;32m  OK  [0m] Reached target Local File Systems (Pre).
[[0;32m  OK  [0m] Reached target Local File Systems.
         Starting Tell Plymouth To Write Out Runtime Data...
         Starting Commit a transient machine-id on disk...
         Starting ebtables ruleset management...
         Starting Set console font and keymap...
         Starting AppArmor initialization...
[[0;32m  OK  [0m] Started udev Kernel Device Manager.
[[0;32m  OK  [0m] Started Flush Journal to Persistent Storage.
[[0;32m  OK  [0m] Started Tell Plymouth To Write Out Runtime Data.
[[0;32m  OK  [0m] Started Commit a transient machine-id on disk.
[[0;32m  OK  [0m] Started Set console font and keymap.
         Starting Create Volatile Files and Directories...
[[0;32m  OK  [0m] Started Dispatch Password Requests to Console Directory Watch.
[[0;32m  OK  [0m] Reached target Local Encrypted Volumes.
[[0;32m  OK  [0m] Started Create Volatile Files and Directories.
[[0;32m  OK  [0m] Started ebtables ruleset management.
[[0;32m  OK  [0m] Found device /dev/ttyS0.
         Starting Update UTMP about System Boot/Shutdown...
[[0;32m  OK  [0m] Started Update UTMP about System Boot/Shutdown.
[[0;32m  OK  [0m] Listening on Load/Save RF Kill Switch Status /dev/rfkill Watch.
[[0;32m  OK  [0m] Started AppArmor initialization.
         Starting Initial cloud-init job (pre-networking)...
[    9.448575] cloud-init[560]: Cloud-init v. 19.2-36-g059d049c-0ubuntu2~18.04.1 running 'init-local' at Mon, 18 Nov 2019 22:56:43 +0000. Up 9.08 seconds.
[[0;32m  OK  [0m] Started Initial cloud-init job (pre-networking).
[[0;32m  OK  [0m] Reached target Network (Pre).
         Starting Network Service...
[[0;32m  OK  [0m] Started Network Service.
         Starting Wait for Network to be Configured...
         Starting Network Name Resolution...
[[0;32m  OK  [0m] Started Network Name Resolution.
[[0;32m  OK  [0m] Reached target Network.
[[0;32m  OK  [0m] Reached target Host and Network Name Lookups.
[[0;32m  OK  [0m] Started Wait for Network to be Configured.
         Starting Initial cloud-init job (metadata service crawler)...
[   11.700434] cloud-init[681]: Cloud-init v. 19.2-36-g059d049c-0ubuntu2~18.04.1 running 'init' at Mon, 18 Nov 2019 22:56:46 +0000. Up 11.49 seconds.
[   11.778051] cloud-init[681]: ci-info: ++++++++++++++++++++++++++++++++++++++Net device info+++++++++++++++++++++++++++++++++++++++
[   11.806284] cloud-init[681]: ci-info: +--------+-------+----------------------------+---------------+--------+-------------------+
[   11.811154] cloud-init[681]: ci-info: | Device |   Up  |          Address           |      Mask     | Scope  |     Hw-Address    |
[   11.840263] cloud-init[681]: ci-info: +--------+-------+----------------------------+---------------+--------+-------------------+
[   11.914807] cloud-init[681]: ci-info: | enp0s3 |  True |         10.0.2.15          | 255.255.255.0 | global | 02:51:75:a4:93:2b |
[   11.952003] cloud-init[681]: ci-info: | enp0s3 |  True | fe80::51:75ff:fea4:932b/64 |       .       |  link  | 02:51:75:a4:93:2b |
[   11.955355] cloud-init[681]: ci-info: | enp0s8 | False |             .              |       .       |   .    | 08:00:27:36:25:99 |
[   11.967121] cloud-init[681]: ci-info: |   lo   |  True |         127.0.0.1          |   255.0.0.0   |  host  |         .         |
[   11.987827] cloud-init[681]: ci-info: |   lo   |  True |          ::1/128           |       .       |  host  |         .         |
[   11.989164] cloud-init[681]: ci-info: +--------+-------+----------------------------+---------------+--------+-------------------+
[   12.073625] cloud-init[681]: ci-info: ++++++++++++++++++++++++++++Route IPv4 info+++++++++++++++++++++++++++++
[   12.074888] cloud-init[681]: ci-info: +-------+-------------+----------+-----------------+-----------+-------+
[   12.080848] cloud-init[681]: ci-info: | Route | Destination | Gateway  |     Genmask     | Interface | Flags |
[   12.087516] cloud-init[681]: ci-info: +-------+-------------+----------+-----------------+-----------+-------+
[   12.148976] cloud-init[681]: ci-info: |   0   |   0.0.0.0   | 10.0.2.2 |     0.0.0.0     |   enp0s3  |   UG  |
[   12.189826] cloud-init[681]: ci-info: |   1   |   10.0.2.0  | 0.0.0.0  |  255.255.255.0  |   enp0s3  |   U   |
[   12.256168] cloud-init[681]: ci-info: |   2   |   10.0.2.2  | 0.0.0.0  | 255.255.255.255 |   enp0s3  |   UH  |
[   12.289376] cloud-init[681]: ci-info: +-------+-------------+----------+-----------------+-----------+-------+
[   12.290397] cloud-init[681]: ci-info: +++++++++++++++++++Route IPv6 info+++++++++++++++++++
[   12.291237] cloud-init[681]: ci-info: +-------+-------------+---------+-----------+-------+
[   12.314538] cloud-init[681]: ci-info: | Route | Destination | Gateway | Interface | Flags |
[   12.372208] cloud-init[681]: ci-info: +-------+-------------+---------+-----------+-------+
[   13.702668] cloud-init[681]: ci-info: |   1   |  fe80::/64  |    ::   |   enp0s3  |   U   |
[   13.712666] cloud-init[681]: ci-info: |   3   |    local    |    ::   |   enp0s3  |   U   |
[   13.758596] cloud-init[681]: ci-info: |   4   |   ff00::/8  |    ::   |   enp0s3  |   U   |
[   13.759686] cloud-init[681]: ci-info: +-------+-------------+---------+-----------+-------+
[   14.328732] cloud-init[681]: Generating public/private rsa key pair.
[   14.329888] cloud-init[681]: Your identification has been saved in /etc/ssh/ssh_host_rsa_key.
[   14.340896] cloud-init[681]: Your public key has been saved in /etc/ssh/ssh_host_rsa_key.pub.
[   14.384606] cloud-init[681]: The key fingerprint is:
[   14.385255] cloud-init[681]: SHA256:Wuw6GDr8eXKy13tJGQCpjxT04f3TCa6MkY6HhovWI9Q root@ubuntu-bionic
[[   14.392908] cloud-init[681]: The key's randomart image is:
[   14.393223] cloud-init[681]: +---[RSA 2048]----+
[   14.393669] cloud-init[681]: |   .. oo         |
[0;32m  OK  [0m] Started Initial cloud-init job (metadata service crawler).
[   14.393818] cloud-init[681]: |    .o.o.        |
[[   14.432210] cloud-init[681]: |     oo ...      |
[   14.432367] cloud-init[681]: |    o  o o.o .   |
[   14.432619] cloud-init[681]: |  .. oo S +oo    |
[   14.432766] cloud-init[681]: | . Eo+.B .o.     |
[   14.432911] cloud-init[681]: |..o.+o=.+. .     |
[   14.433053] cloud-init[681]: | ++=+o=.. o      |
[   14.433195] cloud-init[681]: |o oo=B...o       |
[   14.433339] cloud-init[681]: +----[SHA256]-----+
[   14.433674] cloud-init[681]: Generating public/private dsa key pair.
[   14.433820] cloud-init[681]: Your identification has been saved in /etc/ssh/ssh_host_dsa_key.
[   14.433961] cloud-init[681]: Your public key has been saved in /etc/ssh/ssh_host_dsa_key.pub.
[   14.434100] cloud-init[681]: The key fingerprint is:
[   14.434242] cloud-init[681]: SHA256:Xl9v2eaRoZh61nsGyisR96/Vnl71dJiZy0nD206lO9I root@ubuntu-bionic
[   14.434411] cloud-init[681]: The key's randomart image is:
[   14.434826] cloud-init[681]: +---[DSA 1024]----+
[0;32m  OK  [0m] Reached target Network is Online.
[   14.435007] cloud-init[681]: |                 |
         [   14.468154] Starting Availability of block devices...cloud-init
[681]: |                 |
[[0;32m  OK  [0m[   14.478216] cloud-init[681]: |                 |
[   14.478683] cloud-init[681]: |         . . . = |
[   14.478942] cloud-init[681]: |        S + . X.=|
] Reached target Remote File Systems (Pre).
[[   14.479281] cloud-init[681]: |       . o .o*.X@|
[0;32m  OK  [0m] Reached target Remote File Systems.
[   14.491716] cloud-init[681]: |        . oo+oO=@|
[[   14.522280] cloud-init[681]: |         ..=..E%+|
[0;32m  OK  [0m] Reached target Cloud-config availability.
[   14.522612] cloud-init[681]: |         .+..+B++|
[[   14.536611] cloud-init[681]: +----[SHA256]-----+
[   14.536682] cloud-init[681]: Generating public/private ecdsa key pair.
[   14.536827] cloud-init[681]: Your identification has been saved in /etc/ssh/ssh_host_ecdsa_key.
[   14.536959] cloud-init[681]: Your public key has been saved in /etc/ssh/ssh_host_ecdsa_key.pub.
[0;32m  OK  [0m] Reached target System Initialization.
[   14.537100] cloud-init[681]: The key fingerprint is:
[   14.592408] cloud-init[681]: SHA256:ZFiHX1aUAVdhjAEKFJI3naaCuak0BBQ/OpV9q8R1sS8 root@ubuntu-bionic
[   14.592841] cloud-init[681]: The key's randomart image is:
[   14.592951] cloud-init[681]: +---[ECDSA 256]---+
[[0;32m  OK  [0m] Listening on D-Bus System Message Bus Socket.
[[0;32m  OK  [0m] Listening on ACPID Listen Socket.
[   14.593185] cloud-init[681]: |.o.  .o++oo.o=O*o|
[[   14.732754] cloud-init[681]: |. . o..=o=+ ooo. |
[0;32m  OK  [0m] Listening on Open-iSCSI iscsid Socket.
[   14.732979] cloud-init[681]: |.  =o.oo*= o     |
[[0;32m  OK  [0m] Started Daily Cleanup of Temporary Directories.
[   14.748223] cloud-init[681]: | .ooo.o+o o      |
[[   14.773135] cloud-init[681]: |.o  oo..SE .     |
[   14.773246] cloud-init[681]: | o.o. .   .      |
[   14.773450] cloud-init[681]: |. o  .           |
[0;32m  OK  [0m] Started Message of the Day.
[   14.773585] cloud-init[681]: | .               |
         [   14.810124] cloud-init[681]: |                 |
[   14.810323] cloud-init[681]: +----[SHA256]-----+
[   14.810620] cloud-init[681]: Generating public/private ed25519 key pair.
[   14.810945] cloud-init[681]: Your identification has been saved in /etc/ssh/ssh_host_ed25519_key.
[   14.811247] cloud-init[681]: Your public key has been saved in /etc/ssh/ssh_host_ed25519_key.pub.
Starting Socket activation for snappy daemon.
[   14.811537] cloud-init[681]: The key fingerprint is:
[   14.834010] cloud-init[681]: SHA256:ToEzmOy3QBRcK3Kwy5YNCpdz57FHpyW/kvvxKlGdKlA root@ubuntu-bionic
         [   14.853587] cloud-init[681]: The key's randomart image is:
[   14.853837] cloud-init[681]: +--[ED25519 256]--+
[   14.854156] cloud-init[681]: |  ..oo.          |
[   14.854450] cloud-init[681]: |   *.o oE        |
[   14.854773] cloud-init[681]: |. B O B.+ o. .   |
[   14.855076] cloud-init[681]: |.+ % +.* B. o    |
[   14.855394] cloud-init[681]: |. = + +.S...     |
[   14.855708] cloud-init[681]: | .   o =o...     |
[   14.856347] cloud-init[681]: |      . +oo      |
[   14.856658] cloud-init[681]: |        .o o     |
[   14.857428] cloud-init[681]: |        .oo..    |
[   14.857737] cloud-init[681]: +----[SHA256]-----+
Starting LXD - unix socket.
[[0;32m  OK  [0m] Started Daily apt download activities.
[[0;32m  OK  [0m] Started Daily apt upgrade and clean activities.
[[0;32m  OK  [0m] Started ACPI Events Check.
[[0;32m  OK  [0m] Reached target Paths.
[[0;32m  OK  [0m] Started Discard unused blocks once a week.
[[0;32m  OK  [0m] Listening on UUID daemon activation socket.
[[0;32m  OK  [0m] Reached target Timers.
[[0;32m  OK  [0m] Started Availability of block devices.
[[0;32m  OK  [0m] Listening on Socket activation for snappy daemon.
[[0;32m  OK  [0m] Listening on LXD - unix socket.
[[0;32m  OK  [0m] Reached target Sockets.
[[0;32m  OK  [0m] Reached target Basic System.
[[0;32m  OK  [0m] Started Regular background program processing daemon.
[[0;32m  OK  [0m] Started irqbalance daemon.
         Starting System Logging Service...
         Starting LSB: automatic crash report generation...
         Starting Accounts Service...
[[0;32m  OK  [0m] Started D-Bus System Message Bus.
         Starting Snappy daemon...
         Starting Login Service...
         Starting Virtualbox guest utils...
         Starting LSB: Record successful boot for GRUB...
[[0;32m  OK  [0m] Started FUSE filesystem for LXC.
         Starting Dispatcher daemon for systemd-networkd...
         Starting LXD - container startup/shutdown...
         Starting Permit User Sessions...
         Starting Pollinate to seed the pseudo random number generator...
[[0;32m  OK  [0m] Started Deferred execution scheduler.
[[0;32m  OK  [0m] Started System Logging Service.
[[0;32m  OK  [0m] Started Permit User Sessions.
[[0;32m  OK  [0m] Started Login Service.
[[0;32m  OK  [0m] Started Unattended Upgrades Shutdown.
         Starting Authorization Manager...
         Starting Hold until boot process finishes up...
         Starting Terminate Plymouth Boot Screen...
[[0;32m  OK  [0m] Started Hold until boot process finishes up.
[[0;32m  OK  [0m] Started LSB: automatic crash report generation.
[[0;32m  OK  [0m] Started Terminate Plymouth Boot Screen.
[[0;32m  OK  [0m] Started LSB: Record successful boot for GRUB.
[[0;32m  OK  [0m] Started Authorization Manager.
[[0;32m  OK  [0m] Started Accounts Service.
         Starting Set console scheme...
[[0;32m  OK  [0m] Started Serial Getty on ttyS0.
[[0;32m  OK  [0m] Started Virtualbox guest utils.
[[0;32m  OK  [0m] Started Set console scheme.
[[0;32m  OK  [0m] Created slice system-getty.slice.
[[0;32m  OK  [0m] Started Getty on tty1.
[[0;32m  OK  [0m] Reached target Login Prompts.
[[0;32m  OK  [0m] Started LXD - container startup/shutdown.
[[0;32m  OK  [0m] Started Dispatcher daemon for systemd-networkd.
[[0;32m  OK  [0m] Started Snappy daemon.
         Starting Wait until snapd is fully seeded...
[[0;32m  OK  [0m] Started Pollinate to seed the pseudo random number generator.
         Starting OpenBSD Secure Shell server...
[[0;32m  OK  [0m] Started OpenBSD Secure Shell server.
[[0;32m  OK  [0m] Created slice User Slice of vagrant.
         Starting User Manager for UID 1000...
[[0;32m  OK  [0m] Started Session 1 of user vagrant.
[[0;32m  OK  [0m] Started User Manager for UID 1000.
[[0;32m  OK  [0m] Started Wait until snapd is fully seeded.
         Starting Apply the settings specified in cloud-config...
[[0;32m  OK  [0m] Reached target Multi-User System.
[[0;32m  OK  [0m] Reached target Graphical Interface.
         Starting Update UTMP about System Runlevel Changes...
[[0;32m  OK  [0m] Started Update UTMP about System Runlevel Changes.
[   20.553669] cloud-init[1479]: Cloud-init v. 19.2-36-g059d049c-0ubuntu2~18.04.1 running 'modules:config' at Mon, 18 Nov 2019 22:56:54 +0000. Up 20.16 seconds.
[[0;32m  OK  [0m] Started Apply the settings specified in cloud-config.
         Starting Execute cloud user/final scripts...
ci-info: no authorized ssh keys fingerprints found for user ubuntu.
<14>Nov 18 22:56:55 ec2: 
<14>Nov 18 22:56:55 ec2: #############################################################
<14>Nov 18 22:56:55 ec2: -----BEGIN SSH HOST KEY FINGERPRINTS-----
<14>Nov 18 22:56:55 ec2: 1024 SHA256:Xl9v2eaRoZh61nsGyisR96/Vnl71dJiZy0nD206lO9I root@ubuntu-bionic (DSA)
<14>Nov 18 22:56:55 ec2: 256 SHA256:ZFiHX1aUAVdhjAEKFJI3naaCuak0BBQ/OpV9q8R1sS8 root@ubuntu-bionic (ECDSA)
<14>Nov 18 22:56:55 ec2: 256 SHA256:ToEzmOy3QBRcK3Kwy5YNCpdz57FHpyW/kvvxKlGdKlA root@ubuntu-bionic (ED25519)
<14>Nov 18 22:56:55 ec2: 2048 SHA256:Wuw6GDr8eXKy13tJGQCpjxT04f3TCa6MkY6HhovWI9Q root@ubuntu-bionic (RSA)
<14>Nov 18 22:56:55 ec2: -----END SSH HOST KEY FINGERPRINTS-----
<14>Nov 18 22:56:55 ec2: #############################################################
-----BEGIN SSH HOST KEY KEYS-----
ecdsa-sha2-nistp256 AAAAE2VjZHNhLXNoYTItbmlzdHAyNTYAAAAIbmlzdHAyNTYAAABBBL+dr09fymFwHmBH8UC7tQH7jU/kYgGZdu0tWsBEbs7FhcwDods7JauFziC9f3MsRt+ABU7pclN8E8/GI55zKz4= root@ubuntu-bionic
ssh-ed25519 AAAAC3NzaC1lZDI1NTE5AAAAIOIda2EHeFHS4wyQRb5hUJpixduHivkqH0cq9pjFZ403 root@ubuntu-bionic
ssh-rsa AAAAB3NzaC1yc2EAAAADAQABAAABAQDLfKlzaoIFclG4MhCW8GTJjKCLvKhzVUdARg21Aduj1t20yFRW2ukH21a+sJO9OlSOEbSDL4+b2eeARoTlH08ypFyxhRSm45xlgItQoosIomEVYupnNRY5ZzNiAJTWWOTMPsRnz6zFwuxhedbUYWSgAJbhy9BijGnhLyevP1o8sEGbQG//f8rwp+6XACvp3QLqlyS0RhdN/nzaqiHCdEd78ATEr3Yq1lWyX1rwuzKTR+qBEGdLbhcq0HEharvsey5+R84YQYZABmd5nFOB/iHHK+7eo5XXGTmwdxHpI3Vhwx050x2voERkTdHyfVUtrh+mSjRdUttkkSvxBoP5AAVX root@ubuntu-bionic
-----END SSH HOST KEY KEYS-----
[   21.226762] cloud-init[1594]: Cloud-init v. 19.2-36-g059d049c-0ubuntu2~18.04.1 running 'modules:final' at Mon, 18 Nov 2019 22:56:55 +0000. Up 21.07 seconds.
[   21.226835] cloud-init[1594]: ci-info: no authorized ssh keys fingerprints found for user ubuntu.
[   21.226890] cloud-init[1594]: Cloud-init v. 19.2-36-g059d049c-0ubuntu2~18.04.1 finished at Mon, 18 Nov 2019 22:56:55 +0000. Datasource DataSourceNoCloud [seed=/dev/sdb][dsmode=net].  Up 21.21 seconds

Ubuntu 18.04.3 LTS ubuntu-bionic ttyS0

ubuntu-bionic login: 