[    0.000000] Linux version 4.15.0-70-generic (buildd@lgw01-amd64-055) (gcc version 7.4.0 (Ubuntu 7.4.0-1ubuntu1~18.04.1)) #79-Ubuntu SMP Tue Nov 12 10:36:11 UTC 2019 (Ubuntu 4.15.0-70.79-generic 4.15.18)
[    0.000000] Command line: BOOT_IMAGE=/boot/vmlinuz-4.15.0-70-generic root=LABEL=cloudimg-rootfs ro console=tty1 console=ttyS0
[    0.000000] KERNEL supported cpus:
[    0.000000]   Intel GenuineIntel
[    0.000000]   AMD AuthenticAMD
[    0.000000]   Centaur CentaurHauls
[    0.000000] x86/fpu: Supporting XSAVE feature 0x001: 'x87 floating point registers'
[    0.000000] x86/fpu: Supporting XSAVE feature 0x002: 'SSE registers'
[    0.000000] x86/fpu: Supporting XSAVE feature 0x004: 'AVX registers'
[    0.000000] x86/fpu: xstate_offset[2]:  576, xstate_sizes[2]:  256
[    0.000000] x86/fpu: Enabled xstate features 0x7, context size is 832 bytes, using 'standard' format.
[    0.000000] e820: BIOS-provided physical RAM map:
[    0.000000] BIOS-e820: [mem 0x0000000000000000-0x000000000009fbff] usable
[    0.000000] BIOS-e820: [mem 0x000000000009fc00-0x000000000009ffff] reserved
[    0.000000] BIOS-e820: [mem 0x00000000000f0000-0x00000000000fffff] reserved
[    0.000000] BIOS-e820: [mem 0x0000000000100000-0x000000007ffeffff] usable
[    0.000000] BIOS-e820: [mem 0x000000007fff0000-0x000000007fffffff] ACPI data
[    0.000000] BIOS-e820: [mem 0x00000000fec00000-0x00000000fec00fff] reserved
[    0.000000] BIOS-e820: [mem 0x00000000fee00000-0x00000000fee00fff] reserved
[    0.000000] BIOS-e820: [mem 0x00000000fffc0000-0x00000000ffffffff] reserved
[    0.000000] NX (Execute Disable) protection: active
[    0.000000] SMBIOS 2.5 present.
[    0.000000] DMI: innotek GmbH VirtualBox/VirtualBox, BIOS VirtualBox 12/01/2006
[    0.000000] Hypervisor detected: KVM
[    0.000000] e820: last_pfn = 0x7fff0 max_arch_pfn = 0x400000000
[    0.000000] MTRR: Disabled
[    0.000000] x86/PAT: MTRRs diabled, skipping PAT initialization too.
[    0.000000] CPU MTRRs all blank - virtualized system.
[    0.000000] x86/PAT: Configuration [0-7]: WB  WT  UC- UC  WB  WT  UC- UC  
[    0.000000] found SMP MP-table at [mem 0x0009fff0-0x0009ffff]
[    0.000000] Scanning 1 areas for low memory corruption
[    0.000000] RAMDISK: [mem 0x35a87000-0x36d3afff]
[    0.000000] ACPI: Early table checksum verification disabled
[    0.000000] ACPI: RSDP 0x00000000000E0000 000024 (v02 VBOX  )
[    0.000000] ACPI: XSDT 0x000000007FFF0030 00003C (v01 VBOX   VBOXXSDT 00000001 ASL  00000061)
[    0.000000] ACPI: FACP 0x000000007FFF00F0 0000F4 (v04 VBOX   VBOXFACP 00000001 ASL  00000061)
[    0.000000] ACPI: DSDT 0x000000007FFF0470 0021FF (v02 VBOX   VBOXBIOS 00000002 INTL 20180105)
[    0.000000] ACPI: FACS 0x000000007FFF0200 000040
[    0.000000] ACPI: FACS 0x000000007FFF0200 000040
[    0.000000] ACPI: APIC 0x000000007FFF0240 00005C (v02 VBOX   VBOXAPIC 00000001 ASL  00000061)
[    0.000000] ACPI: SSDT 0x000000007FFF02A0 0001CC (v01 VBOX   VBOXCPUT 00000002 INTL 20180105)
[    0.000000] No NUMA configuration found
[    0.000000] Faking a node at [mem 0x0000000000000000-0x000000007ffeffff]
[    0.000000] NODE_DATA(0) allocated [mem 0x7ffc5000-0x7ffeffff]
[    0.000000] kvm-clock: cpu 0, msr 0:7ff44001, primary cpu clock
[    0.000000] kvm-clock: Using msrs 4b564d01 and 4b564d00
[    0.000000] kvm-clock: using sched offset of 3226046576 cycles
[    0.000000] clocksource: kvm-clock: mask: 0xffffffffffffffff max_cycles: 0x1cd42e4dffb, max_idle_ns: 881590591483 ns
[    0.000000] Zone ranges:
[    0.000000]   DMA      [mem 0x0000000000001000-0x0000000000ffffff]
[    0.000000]   DMA32    [mem 0x0000000001000000-0x000000007ffeffff]
[    0.000000]   Normal   empty
[    0.000000]   Device   empty
[    0.000000] Movable zone start for each node
[    0.000000] Early memory node ranges
[    0.000000]   node   0: [mem 0x0000000000001000-0x000000000009efff]
[    0.000000]   node   0: [mem 0x0000000000100000-0x000000007ffeffff]
[    0.000000] Reserved but unavailable: 98 pages
[    0.000000] Initmem setup node 0 [mem 0x0000000000001000-0x000000007ffeffff]
[    0.000000] ACPI: PM-Timer IO Port: 0x4008
[    0.000000] IOAPIC[0]: apic_id 2, version 32, address 0xfec00000, GSI 0-23
[    0.000000] ACPI: INT_SRC_OVR (bus 0 bus_irq 0 global_irq 2 dfl dfl)
[    0.000000] ACPI: INT_SRC_OVR (bus 0 bus_irq 9 global_irq 9 low level)
[    0.000000] Using ACPI (MADT) for SMP configuration information
[    0.000000] smpboot: Allowing 2 CPUs, 0 hotplug CPUs
[    0.000000] PM: Registered nosave memory: [mem 0x00000000-0x00000fff]
[    0.000000] PM: Registered nosave memory: [mem 0x0009f000-0x0009ffff]
[    0.000000] PM: Registered nosave memory: [mem 0x000a0000-0x000effff]
[    0.000000] PM: Registered nosave memory: [mem 0x000f0000-0x000fffff]
[    0.000000] e820: [mem 0x80000000-0xfebfffff] available for PCI devices
[    0.000000] Booting paravirtualized kernel on KVM
[    0.000000] clocksource: refined-jiffies: mask: 0xffffffff max_cycles: 0xffffffff, max_idle_ns: 7645519600211568 ns
[    0.000000] random: get_random_bytes called from start_kernel+0x99/0x4fd with crng_init=0
[    0.000000] setup_percpu: NR_CPUS:8192 nr_cpumask_bits:2 nr_cpu_ids:2 nr_node_ids:1
[    0.000000] percpu: Embedded 45 pages/cpu s147456 r8192 d28672 u1048576
[    0.000000] PV qspinlock hash table entries: 256 (order: 0, 4096 bytes)
[    0.000000] Built 1 zonelists, mobility grouping on.  Total pages: 515961
[    0.000000] Policy zone: DMA32
[    0.000000] Kernel command line: BOOT_IMAGE=/boot/vmlinuz-4.15.0-70-generic root=LABEL=cloudimg-rootfs ro console=tty1 console=ttyS0
[    0.000000] Memory: 2015628K/2096696K available (12300K kernel code, 2481K rwdata, 4264K rodata, 2432K init, 2388K bss, 81068K reserved, 0K cma-reserved)
[    0.000000] SLUB: HWalign=64, Order=0-3, MinObjects=0, CPUs=2, Nodes=1
[    0.000000] Kernel/User page tables isolation: enabled
[    0.000000] ftrace: allocating 39315 entries in 154 pages
[    0.004000] Hierarchical RCU implementation.
[    0.004000] 	RCU restricting CPUs from NR_CPUS=8192 to nr_cpu_ids=2.
[    0.004000] 	Tasks RCU enabled.
[    0.004000] RCU: Adjusting geometry for rcu_fanout_leaf=16, nr_cpu_ids=2
[    0.004000] NR_IRQS: 524544, nr_irqs: 440, preallocated irqs: 16
[    0.004000] Console: colour VGA+ 80x25
[    0.004000] console [tty1] enabled
[    0.004000] console [ttyS0] enabled
[    0.004000] ACPI: Core revision 20170831
[    0.004000] ACPI: 2 ACPI AML tables successfully acquired and loaded
[    0.004000] APIC: Switch to symmetric I/O mode setup
[    0.004000] x2apic enabled
[    0.004000] Switched APIC routing to physical x2apic.
[    0.004000] ..TIMER: vector=0x30 apic1=0 pin1=2 apic2=-1 pin2=-1
[    0.004000] tsc: Detected 2904.000 MHz processor
[    0.004009] Calibrating delay loop (skipped) preset value.. 5808.00 BogoMIPS (lpj=11616000)
[    0.005231] pid_max: default: 32768 minimum: 301
[    0.008034] Security Framework initialized
[    0.008663] Yama: becoming mindful.
[    0.009246] AppArmor: AppArmor initialized
[    0.010389] Dentry cache hash table entries: 262144 (order: 9, 2097152 bytes)
[    0.012416] Inode-cache hash table entries: 131072 (order: 8, 1048576 bytes)
[    0.013476] Mount-cache hash table entries: 4096 (order: 3, 32768 bytes)
[    0.014442] Mountpoint-cache hash table entries: 4096 (order: 3, 32768 bytes)
[    0.016207] Last level iTLB entries: 4KB 64, 2MB 8, 4MB 8
[    0.017006] Last level dTLB entries: 4KB 64, 2MB 0, 4MB 0, 1GB 4
[    0.017887] Spectre V1 : Mitigation: usercopy/swapgs barriers and __user pointer sanitization
[    0.019134] Spectre V2 : Mitigation: Full generic retpoline
[    0.020001] Spectre V2 : Spectre v2 / SpectreRSB mitigation: Filling RSB on context switch
[    0.021209] Speculative Store Bypass: Vulnerable
[    0.021944] MDS: Mitigation: Clear CPU buffers
[    0.022757] Freeing SMP alternatives memory: 36K
[    0.133827] smpboot: CPU0: Intel(R) Core(TM) i7-7500U CPU @ 2.70GHz (family: 0x6, model: 0x8e, stepping: 0x9)
[    0.135387] Performance Events: unsupported p6 CPU model 142 no PMU driver, software events only.
[    0.136063] Hierarchical SRCU implementation.
[    0.137146] NMI watchdog: Perf event create on CPU 0 failed with -2
[    0.140006] NMI watchdog: Perf NMI watchdog permanently disabled
[    0.140947] smp: Bringing up secondary CPUs ...
[    0.141725] x86: Booting SMP configuration:
[    0.144002] .... node  #0, CPUs:      #1
[    0.004000] kvm-clock: cpu 1, msr 0:7ff44041, secondary cpu clock
[    0.154797] smp: Brought up 1 node, 2 CPUs
[    0.154797] smpboot: Max logical packages: 1
[    0.156005] smpboot: Total of 2 processors activated (11616.00 BogoMIPS)
[    0.157098] devtmpfs: initialized
[    0.160048] x86/mm: Memory block size: 128MB
[    0.164163] evm: security.selinux
[    0.164668] evm: security.SMACK64
[    0.167298] evm: security.SMACK64EXEC
[    0.168005] evm: security.SMACK64TRANSMUTE
[    0.168636] evm: security.SMACK64MMAP
[    0.169208] evm: security.apparmor
[    0.169743] evm: security.ima
[    0.170234] evm: security.capability
[    0.172083] clocksource: jiffies: mask: 0xffffffff max_cycles: 0xffffffff, max_idle_ns: 7645041785100000 ns
[    0.173232] futex hash table entries: 512 (order: 3, 32768 bytes)
[    0.184071] pinctrl core: initialized pinctrl subsystem
[    0.184832] RTC time: 23:52:49, date: 11/18/19
[    0.184832] NET: Registered protocol family 16
[    0.184832] audit: initializing netlink subsys (disabled)
[    0.188112] audit: type=2000 audit(1574121174.253:1): state=initialized audit_enabled=0 res=1
[    0.189231] cpuidle: using governor ladder
[    0.189786] cpuidle: using governor menu
[    0.190329] ACPI: bus type PCI registered
[    0.256005] acpiphp: ACPI Hot Plug PCI Controller Driver version: 0.5
[    0.256798] PCI: Using configuration type 1 for base access
[    0.257139] HugeTLB registered 2.00 MiB page size, pre-allocated 0 pages
[    0.260077] ACPI: Added _OSI(Module Device)
[    0.260625] ACPI: Added _OSI(Processor Device)
[    0.261209] ACPI: Added _OSI(3.0 _SCP Extensions)
[    0.264003] ACPI: Added _OSI(Processor Aggregator Device)
[    0.264688] ACPI: Added _OSI(Linux-Dell-Video)
[    0.265282] ACPI: Added _OSI(Linux-Lenovo-NV-HDMI-Audio)
[    0.265937] ACPI: Added _OSI(Linux-HPI-Hybrid-Graphics)
[    0.266798] ACPI: Executed 1 blocks of module-level executable AML code
[    0.270518] ACPI: Interpreter enabled
[    0.271125] ACPI: (supports S0 S5)
[    0.272003] ACPI: Using IOAPIC for interrupt routing
[    0.272937] PCI: Using host bridge windows from ACPI; if necessary, use "pci=nocrs" and report a bug
[    0.276133] ACPI: Enabled 2 GPEs in block 00 to 07
[    0.281600] ACPI: PCI Root Bridge [PCI0] (domain 0000 [bus 00-ff])
[    0.282561] acpi PNP0A03:00: _OSC: OS supports [ASPM ClockPM Segments MSI]
[    0.283591] acpi PNP0A03:00: _OSC: not requesting OS control; OS requires [ExtendedConfig ASPM ClockPM MSI]
[    0.284011] acpi PNP0A03:00: fail to add MMCONFIG information, can't access extended PCI configuration space under this bridge.
[    0.285915] PCI host bridge to bus 0000:00
[    0.286549] pci_bus 0000:00: root bus resource [io  0x0000-0x0cf7 window]
[    0.288003] pci_bus 0000:00: root bus resource [io  0x0d00-0xffff window]
[    0.288992] pci_bus 0000:00: root bus resource [mem 0x000a0000-0x000bffff window]
[    0.290112] pci_bus 0000:00: root bus resource [mem 0x80000000-0xfdffffff window]
[    0.291243] pci_bus 0000:00: root bus resource [bus 00-ff]
[    0.293334] pci 0000:00:01.1: legacy IDE quirk: reg 0x10: [io  0x01f0-0x01f7]
[    0.294373] pci 0000:00:01.1: legacy IDE quirk: reg 0x14: [io  0x03f6]
[    0.295340] pci 0000:00:01.1: legacy IDE quirk: reg 0x18: [io  0x0170-0x0177]
[    0.296002] pci 0000:00:01.1: legacy IDE quirk: reg 0x1c: [io  0x0376]
[    0.318838] pci 0000:00:07.0: quirk: [io  0x4000-0x403f] claimed by PIIX4 ACPI
[    0.320015] pci 0000:00:07.0: quirk: [io  0x4100-0x410f] claimed by PIIX4 SMB
[    0.335602] ACPI: PCI Interrupt Link [LNKA] (IRQs 5 9 10 *11)
[    0.336286] ACPI: PCI Interrupt Link [LNKB] (IRQs 5 9 *10 11)
[    0.337238] ACPI: PCI Interrupt Link [LNKC] (IRQs 5 *9 10 11)
[    0.339326] ACPI: PCI Interrupt Link [LNKD] (IRQs 5 9 10 *11)
[    0.340310] SCSI subsystem initialized
[    0.340946] pci 0000:00:02.0: vgaarb: setting as boot VGA device
[    0.340946] pci 0000:00:02.0: vgaarb: VGA device added: decodes=io+mem,owns=io+mem,locks=none
[    0.344009] pci 0000:00:02.0: vgaarb: bridge control possible
[    0.344856] vgaarb: loaded
[    0.345323] ACPI: bus type USB registered
[    0.345973] usbcore: registered new interface driver usbfs
[    0.346806] usbcore: registered new interface driver hub
[    0.347648] usbcore: registered new device driver usb
[    0.348041] EDAC MC: Ver: 3.0.0
[    0.348692] PCI: Using ACPI for IRQ routing
[    0.348879] NetLabel: Initializing
[    0.349421] NetLabel:  domain hash size = 128
[    0.350092] NetLabel:  protocols = UNLABELED CIPSOv4 CALIPSO
[    0.352015] NetLabel:  unlabeled traffic allowed by default
[    0.352861] clocksource: Switched to clocksource kvm-clock
[    0.361373] VFS: Disk quotas dquot_6.6.0
[    0.362082] VFS: Dquot-cache hash table entries: 512 (order 0, 4096 bytes)
[    0.363172] AppArmor: AppArmor Filesystem Enabled
[    0.363909] pnp: PnP ACPI init
[    0.365155] pnp: PnP ACPI: found 3 devices
[    0.373448] clocksource: acpi_pm: mask: 0xffffff max_cycles: 0xffffff, max_idle_ns: 2085701024 ns
[    0.374832] NET: Registered protocol family 2
[    0.375632] TCP established hash table entries: 16384 (order: 5, 131072 bytes)
[    0.376782] TCP bind hash table entries: 16384 (order: 6, 262144 bytes)
[    0.377771] TCP: Hash tables configured (established 16384 bind 16384)
[    0.384446] UDP hash table entries: 1024 (order: 3, 32768 bytes)
[    0.385357] UDP-Lite hash table entries: 1024 (order: 3, 32768 bytes)
[    0.386373] NET: Registered protocol family 1
[    0.387059] pci 0000:00:00.0: Limiting direct PCI/PCI transfers
[    0.387951] pci 0000:00:01.0: Activating ISA DMA hang workarounds
[    0.388899] pci 0000:00:02.0: Video device with shadowed ROM at [mem 0x000c0000-0x000dffff]
[    0.390218] Unpacking initramfs...
[    0.628633] Freeing initrd memory: 19152K
[    0.629399] clocksource: tsc: mask: 0xffffffffffffffff max_cycles: 0x29dc05e54fc, max_idle_ns: 440795291716 ns
[    0.630940] platform rtc_cmos: registered platform RTC device (no PNP device found)
[    0.637380] Scanning for low memory corruption every 60 seconds
[    0.643860] Initialise system trusted keyrings
[    0.644474] Key type blacklist registered
[    0.645040] workingset: timestamp_bits=36 max_order=19 bucket_order=0
[    0.648656] zbud: loaded
[    0.649551] squashfs: version 4.0 (2009/01/31) Phillip Lougher
[    0.655873] fuse init (API version 7.26)
[    0.658948] Key type asymmetric registered
[    0.659599] Asymmetric key parser 'x509' registered
[    0.660375] Block layer SCSI generic (bsg) driver version 0.4 loaded (major 246)
[    0.661564] io scheduler noop registered
[    0.662196] io scheduler deadline registered
[    0.662872] io scheduler cfq registered (default)
[    0.663822] ACPI: AC Adapter [AC] (on-line)
[    0.664444] input: Power Button as /devices/LNXSYSTM:00/LNXPWRBN:00/input/input0
[    0.665406] ACPI: Power Button [PWRF]
[    0.665930] input: Sleep Button as /devices/LNXSYSTM:00/LNXSLPBN:00/input/input1
[    0.672195] ACPI: Sleep Button [SLPF]
[    0.673424] ACPI: Battery Slot [BAT0] (battery present)
[    0.674214] Serial: 8250/16550 driver, 32 ports, IRQ sharing enabled
[    0.701988] 00:02: ttyS0 at I/O 0x3f8 (irq = 4, base_baud = 115200) is a 16550A
[    0.707224] Linux agpgart interface v0.103
[    0.708884] loop: module loaded
[    0.709719] scsi host0: ata_piix
[    0.710296] scsi host1: ata_piix
[    0.710763] ata1: PATA max UDMA/33 cmd 0x1f0 ctl 0x3f6 bmdma 0xd000 irq 14
[    0.711599] ata2: PATA max UDMA/33 cmd 0x170 ctl 0x376 bmdma 0xd008 irq 15
[    0.712496] libphy: Fixed MDIO Bus: probed
[    0.713098] tun: Universal TUN/TAP device driver, 1.6
[    0.720660] PPP generic driver version 2.4.2
[    0.721264] ehci_hcd: USB 2.0 'Enhanced' Host Controller (EHCI) Driver
[    0.722080] ehci-pci: EHCI PCI platform driver
[    0.722690] ehci-platform: EHCI generic platform driver
[    0.723368] ohci_hcd: USB 1.1 'Open' Host Controller (OHCI) Driver
[    0.725227] ohci-pci: OHCI PCI platform driver
[    0.725797] ohci-platform: OHCI generic platform driver
[    0.726477] uhci_hcd: USB Universal Host Controller Interface driver
[    0.727291] i8042: PNP: PS/2 Controller [PNP0303:PS2K,PNP0f03:PS2M] at 0x60,0x64 irq 1,12
[    0.741318] serio: i8042 KBD port at 0x60,0x64 irq 1
[    0.747133] serio: i8042 AUX port at 0x60,0x64 irq 12
[    0.747907] mousedev: PS/2 mouse device common for all mice
[    0.856378] input: AT Translated Set 2 keyboard as /devices/platform/i8042/serio0/input/input2
[    0.857935] rtc_cmos rtc_cmos: rtc core: registered rtc_cmos as rtc0
[    0.859131] rtc_cmos rtc_cmos: alarms up to one day, 114 bytes nvram
[    0.860210] i2c /dev entries driver
[    0.866235] device-mapper: uevent: version 1.0.3
[    0.873842] device-mapper: ioctl: 4.37.0-ioctl (2017-09-20) initialised: dm-devel@redhat.com
[    0.875009] ledtrig-cpu: registered to indicate activity on CPUs
[    0.876105] NET: Registered protocol family 10
[    0.885654] Segment Routing with IPv6
[    0.886332] NET: Registered protocol family 17
[    0.887123] Key type dns_resolver registered
[    0.896812] mce: Using 0 MCE banks
[    0.897425] RAS: Correctable Errors collector initialized.
[    0.904712] sched_clock: Marking stable (904680097, 0)->(1261178430, -356498333)
[    0.906452] registered taskstats version 1
[    0.907153] Loading compiled-in X.509 certificates
[    0.910426] Loaded X.509 cert 'Build time autogenerated kernel key: 1859b0531897959199376c446a0bd70df75fd1fc'
[    0.913283] zswap: loaded using pool lzo/zbud
[    0.923590] Key type big_key registered
[    0.924252] Key type trusted registered
[    0.926093] Key type encrypted registered
[    0.926745] AppArmor: AppArmor sha1 policy hashing enabled
[    0.927668] ima: No TPM chip found, activating TPM-bypass! (rc=-19)
[    0.933958] ima: Allocated hash algorithm: sha1
[    0.934664] evm: HMAC attrs: 0x1
[    0.935453]   Magic number: 11:165:909
[    0.936169] rtc_cmos rtc_cmos: setting system clock to 2019-11-18 23:52:50 UTC (1574121170)
[    0.937533] BIOS EDD facility v0.16 2004-Jun-25, 0 devices found
[    0.943739] EDD information not available.
[    0.946668] Freeing unused kernel image memory: 2432K
[    0.968220] Write protecting the kernel read-only data: 20480k
[    0.972468] Freeing unused kernel image memory: 2008K
[    0.975379] Freeing unused kernel image memory: 1880K
[    0.988390] x86/mm: Checked W+X mappings: passed, no W+X pages found.
[    0.989727] x86/mm: Checking user space page tables
[    0.997379] x86/mm: Checked W+X mappings: passed, no W+X pages found.
Loading, please wait...
starting version 237
[    1.202824] e1000: Intel(R) PRO/1000 Network Driver - version 7.3.21-k8-NAPI
[    1.203896] e1000: Copyright (c) 1999-2006 Intel Corporation.
[    1.206368] Fusion MPT base driver 3.04.20
[    1.206997] Copyright (c) 1999-2008 LSI Corporation
[    1.227111] Fusion MPT SPI Host driver 3.04.20
[    1.232826] AVX2 version of gcm_enc/dec engaged.
[    1.233546] AES CTR mode by8 optimization enabled
[    1.425078] input: ImExPS/2 Generic Explorer Mouse as /devices/platform/i8042/serio1/input/input4
[    1.583339] e1000 0000:00:03.0 eth0: (PCI:33MHz:32-bit) 02:51:75:a4:93:2b
[    1.627567] e1000 0000:00:03.0 eth0: Intel(R) PRO/1000 Network Connection
[    1.647722] mptbase: ioc0: Initiating bringup
[    1.760747] ioc0: LSI53C1030 A0: Capabilities={Initiator}
[    2.029737] scsi host2: ioc0: LSI53C1030 A0, FwRev=00000000h, Ports=1, MaxQ=256, IRQ=20
[    2.213299] scsi 2:0:0:0: Direct-Access     VBOX     HARDDISK         1.0  PQ: 0 ANSI: 5
[    2.484051] scsi target2:0:0: Beginning Domain Validation
[    2.485801] scsi target2:0:0: Domain Validation skipping write tests
[    2.493181] scsi target2:0:0: Ending Domain Validation
[    2.494046] scsi target2:0:0: asynchronous
[    2.495033] scsi 2:0:1:0: Direct-Access     VBOX     HARDDISK         1.0  PQ: 0 ANSI: 5
[    2.552089] scsi target2:0:1: Beginning Domain Validation
[    2.554111] random: fast init done
[    2.554694] scsi target2:0:1: Domain Validation skipping write tests
[    2.555655] scsi target2:0:1: Ending Domain Validation
[    2.556557] scsi target2:0:1: asynchronous
[    2.560891] sd 2:0:0:0: Attached scsi generic sg0 type 0
[    2.561054] sd 2:0:0:0: [sda] 104857600 512-byte logical blocks: (53.7 GB/50.0 GiB)
[    2.563221] sd 2:0:0:0: [sda] Write Protect is off
[    2.563901] sd 2:0:1:0: Attached scsi generic sg1 type 0
[    2.563948] sd 2:0:0:0: [sda] Incomplete mode parameter data
[    2.565462] sd 2:0:0:0: [sda] Assuming drive cache: write through
[    2.566328] sd 2:0:1:0: [sdb] 20480 512-byte logical blocks: (10.5 MB/10.0 MiB)
[    2.566353] random: systemd-udevd: uninitialized urandom read (16 bytes read)
[    2.568508] sd 2:0:1:0: [sdb] Write Protect is off
[    2.568514] random: systemd-udevd: uninitialized urandom read (16 bytes read)
[    2.570252] random: systemd-udevd: uninitialized urandom read (16 bytes read)
[    2.571220] sd 2:0:1:0: [sdb] Incomplete mode parameter data
[    2.572344] sd 2:0:1:0: [sdb] Assuming drive cache: write through
[    2.573698]  sda: sda1
[    2.575066] sd 2:0:0:0: [sda] Attached SCSI disk
[    2.576518] sd 2:0:1:0: [sdb] Attached SCSI disk
[    2.583114] e1000 0000:00:08.0 eth1: (PCI:33MHz:32-bit) 08:00:27:50:86:21
[    2.598122] e1000 0000:00:08.0 eth1: Intel(R) PRO/1000 Network Connection
[    2.602512] e1000 0000:00:03.0 enp0s3: renamed from eth0
[    2.625372] e1000 0000:00:08.0 enp0s8: renamed from eth1
Begin: Loading essential drivers ... [    4.064071] raid6: sse2x1   gen() 12104 MB/s
[    4.120031] raid6: sse2x1   xor()  8782 MB/s
[    4.168033] raid6: sse2x2   gen() 15011 MB/s
[    4.216036] raid6: sse2x2   xor()  7439 MB/s
[    4.276038] raid6: sse2x4   gen() 16950 MB/s
[    4.328079] raid6: sse2x4   xor() 10762 MB/s
[    4.376067] raid6: avx2x1   gen() 24170 MB/s
[    4.432042] raid6: avx2x1   xor() 16715 MB/s
[    4.540043] raid6: avx2x2   gen() 28220 MB/s
[    4.588009] raid6: avx2x2   xor() 18131 MB/s
[    4.636040] raid6: avx2x4   gen() 32785 MB/s
[    4.684064] raid6: avx2x4   xor() 20864 MB/s
[    4.684757] raid6: using algorithm avx2x4 gen() 32785 MB/s
[    4.685570] raid6: .... xor() 20864 MB/s, rmw enabled
[    4.686345] raid6: using avx2x2 recovery algorithm
[    4.688190] xor: automatically using best checksumming function   avx       
[    4.690089] async_tx: api initialized (async)
done.
Begin: Running /scripts/init-premount ... done.
Begin: Mounting root file system ... Begin: Running /scripts/local-top ... done.
Begin: Running /scripts/local-premount ... [    4.727495] Btrfs loaded, crc32c=crc32c-intel
Scanning for Btrfs filesystems
done.
Warning: fsck no[    5.043606] EXT4-fs (sda1): mounted filesystem with ordered data mode. Opts: (null)
t present, so skipping root file system
done.
Begin: Running /scripts/local-bottom ... done.
Begin: Running /scripts/init-bottom ... done.
[    5.259830] ip_tables: (C) 2000-2006 Netfilter Core Team
[    5.268462] systemd[1]: systemd 237 running in system mode. (+PAM +AUDIT +SELINUX +IMA +APPARMOR +SMACK +SYSVINIT +UTMP +LIBCRYPTSETUP +GCRYPT +GNUTLS +ACL +XZ +LZ4 +SECCOMP +BLKID +ELFUTILS +KMOD -IDN2 +IDN -PCRE2 default-hierarchy=hybrid)
[    5.272585] systemd[1]: Detected virtualization oracle.
[    5.273671] systemd[1]: Detected architecture x86-64.

Welcome to [1mUbuntu 18.04.3 LTS[0m!

[    5.316283] systemd[1]: Set hostname to <ubuntu>.
[    5.318904] systemd[1]: Initializing machine ID from random generator.
[    5.319918] systemd[1]: Installed transient /etc/machine-id file.
[    5.513485] systemd[1]: Reached target Swap.
[[0;32m  OK  [0m] Reached target Swap.
[    5.516361] systemd[1]: Created slice System Slice.
[[0;32m  OK  [0m] Created slice System Slice.
[    5.518029] systemd[1]: Listening on Journal Socket.
[[0;32m  OK  [0m] Listening on Journal Socket.
[    5.601670] systemd[1]: Starting Load Kernel Modules...
         Starting Load Kernel Modules...
         Starting Remount Root and Kernel File Systems...
[[0;32m  OK  [0m] Reached target System Time Synchronized.
[[0;32m  OK  [0m] Listening on Syslog Socket.
[    5.685797] Loading iSCSI transport class v2.0-870.
         Starting Uncomplicated firewall...
         Mounting Huge Pages File System...
[[0;32m  OK  [0m] Listening on LVM2 metadata daemon socket.
[[0;32m  OK  [0[    5.709544] iscsi: registered transport (tcp)
m] Listening on udev Control Socket.
         Starting Set the console keyboard layout...
[    5.867120] EXT4-fs (sda1): re-mounted. Opts: (null)
         Mounting POSIX Message Queue File System...
[[0;32m  OK  [0m] Created slice User and Session Slice.
[[0;32m  OK  [0m] Reached target Slices.
[[0;32m  OK  [0m] Listening on udev Kernel Socket.
[[0;32m  OK  [0m] Reached target User and Group Name Lookups.
[[0;32m  OK  [0[    5.881325] iscsi: registered transport (iser)
m] Started Forward Password Requests to Wall Directory Watch.
[[0;32m  OK  [0m] Listening on Journal Audit Socket.
[[0;32m  OK  [0m] Listening on /dev/initctl Compatibility Named Pipe.
[[0;32m  OK  [0m] Created slice system-serial\x2dgetty.slice.
         Starting Create list of required st…ce nodes for the current kernel...
         Starting udev Coldplug all Devices...
[[0;32m  OK  [0m] Listening on Network Service Netlink Socket.
[[0;32m  OK  [0m] Listening on Journal Socket (/dev/log).
         Starting Journal Service...
         Mounting Kernel Debug File System...
[[0;32m  OK  [0m] Listening on LVM2 poll daemon socket.
[[0;32m  OK  [0m] Listening on Device-mapper event daemon FIFOs.
         Starting Monitoring of LVM2 mirrors…ng dmeventd or progress polling...
[[0;32m  OK  [0m] Set up automount Arbitrary Executab…rmats File System Automount Point.
[[0;32m  OK  [0m] Started Load Kernel Modules.
[[0;32m  OK  [0m] Started Remount Root and Kernel File Systems.
[[0;32m  OK  [0m] Started Journal Service.
[[0;32m  OK  [0m] Started Uncomplicated firewall.
[[0;32m  OK  [0m] Mounted Huge Pages File System.
[[0;32m  OK  [0m] Mounted POSIX Message Queue File System.
[[0;32m  OK  [0m] Started Create list of required sta…vice nodes for the current kernel.
[[0;32m  OK  [0m] Mounted Kernel Debug File System.
[[0;32m  OK  [0m] Started LVM2 metadata daemon.
         Starting Create Static Device Nodes in /dev...
         Starting Flush Journal to Persistent Storage...
         Starting Load/Save Random Seed...
         Starting Apply Kernel Variables...
         Mounting FUSE Control File System...
         Mounting Kernel Configuration File System...
[[0;32m  OK  [0m] Started Set the console keyboard layout.
[[0;32m  OK  [0m] Started Monitoring of LVM2 mirrors,…sing dmeventd or progress polling.
[[0;32m  OK  [0m] Started udev Coldplug all Devices.
[[0;32m  OK  [0m] Started Create Static Device Nodes in /dev.
[[0;32m  OK  [0m] Started Load/Save Random Seed.
[[0;32m  OK  [0m] Started Apply Kernel Variables.
[[0;32m  OK  [0m] Mounted FUSE Control File System.
[[0;32m  OK  [0m] Mounted Kernel Configuration File System.
         Starting udev Kernel Device Manager...
[[0;32m  OK  [0m] Reached target Local File Systems (Pre).
[[0;32m  OK  [0m] Reached target Local File Systems.
         Starting Commit a transient machine-id on disk...
         Starting AppArmor initialization...
         Starting Tell Plymouth To Write Out Runtime Data...
         Starting Set console font and keymap...
         Starting ebtables ruleset management...
[[0;32m  OK  [0m] Started Flush Journal to Persistent Storage.
[[0;32m  OK  [0m] Started udev Kernel Device Manager.
[[0;32m  OK  [0m] Started Tell Plymouth To Write Out Runtime Data.
[[0;32m  OK  [0m] Started Dispatch Password Requests to Console Directory Watch.
[[0;32m  OK  [0m] Reached target Local Encrypted Volumes.
         Starting Create Volatile Files and Directories...
[[0;32m  OK  [0m] Started Set console font and keymap.
[[0;32m  OK  [0m] Started Create Volatile Files and Directories.
[[0;32m  OK  [0m] Started Commit a transient machine-id on disk.
         Starting Update UTMP about System Boot/Shutdown...
[[0;32m  OK  [0m] Started ebtables ruleset management.
[[0;32m  OK  [0m] Started Update UTMP about System Boot/Shutdown.
[[0;32m  OK  [0m] Found device /dev/ttyS0.
[[0;32m  OK  [0m] Listening on Load/Save RF Kill Switch Status /dev/rfkill Watch.
[[0;32m  OK  [0m] Started AppArmor initialization.
         Starting Initial cloud-init job (pre-networking)...
[    7.898715] cloud-init[537]: Cloud-init v. 19.2-36-g059d049c-0ubuntu2~18.04.1 running 'init-local' at Mon, 18 Nov 2019 23:52:57 +0000. Up 7.61 seconds.
[[0;32m  OK  [0m] Started Initial cloud-init job (pre-networking).
[[0;32m  OK  [0m] Reached target Network (Pre).
         Starting Network Service...
[[0;32m  OK  [0m] Started Network Service.
         Starting Wait for Network to be Configured...
         Starting Network Name Resolution...
[[0;32m  OK  [0m] Started Network Name Resolution.
[[0;32m  OK  [0m] Reached target Host and Network Name Lookups.
[[0;32m  OK  [0m] Reached target Network.
[[0;32m  OK  [0m] Started Wait for Network to be Configured.
         Starting Initial cloud-init job (metadata service crawler)...
[    9.889311] cloud-init[664]: Cloud-init v. 19.2-36-g059d049c-0ubuntu2~18.04.1 running 'init' at Mon, 18 Nov 2019 23:52:59 +0000. Up 9.77 seconds.
[    9.891280] cloud-init[664]: ci-info: ++++++++++++++++++++++++++++++++++++++Net device info+++++++++++++++++++++++++++++++++++++++
[    9.895828] cloud-init[664]: ci-info: +--------+-------+----------------------------+---------------+--------+-------------------+
[    9.905777] cloud-init[664]: ci-info: | Device |   Up  |          Address           |      Mask     | Scope  |     Hw-Address    |
[    9.907207] cloud-init[664]: ci-info: +--------+-------+----------------------------+---------------+--------+-------------------+
[    9.908899] cloud-init[664]: ci-info: | enp0s3 |  True |         10.0.2.15          | 255.255.255.0 | global | 02:51:75:a4:93:2b |
[    9.911169] cloud-init[664]: ci-info: | enp0s3 |  True | fe80::51:75ff:fea4:932b/64 |       .       |  link  | 02:51:75:a4:93:2b |
[    9.915216] cloud-init[664]: ci-info: | enp0s8 | False |             .              |       .       |   .    | 08:00:27:50:86:21 |
[    9.928210] cloud-init[664]: ci-info: |   lo   |  True |         127.0.0.1          |   255.0.0.0   |  host  |         .         |
[    9.942986] cloud-init[664]: ci-info: |   lo   |  True |          ::1/128           |       .       |  host  |         .         |
[    9.981643] cloud-init[664]: ci-info: +--------+-------+----------------------------+---------------+--------+-------------------+
[    9.983030] cloud-init[664]: ci-info: ++++++++++++++++++++++++++++Route IPv4 info+++++++++++++++++++++++++++++
[    9.984209] cloud-init[664]: ci-info: +-------+-------------+----------+-----------------+-----------+-------+
[    9.985348] cloud-init[664]: ci-info: | Route | Destination | Gateway  |     Genmask     | Interface | Flags |
[   10.004041] cloud-init[664]: ci-info: +-------+-------------+----------+-----------------+-----------+-------+
[   10.005140] cloud-init[664]: ci-info: |   0   |   0.0.0.0   | 10.0.2.2 |     0.0.0.0     |   enp0s3  |   UG  |
[   10.006194] cloud-init[664]: ci-info: |   1   |   10.0.2.0  | 0.0.0.0  |  255.255.255.0  |   enp0s3  |   U   |
[   10.007192] cloud-init[664]: ci-info: |   2   |   10.0.2.2  | 0.0.0.0  | 255.255.255.255 |   enp0s3  |   UH  |
[   10.008204] cloud-init[664]: ci-info: +-------+-------------+----------+-----------------+-----------+-------+
[   10.009237] cloud-init[664]: ci-info: +++++++++++++++++++Route IPv6 info+++++++++++++++++++
[   10.010109] cloud-init[664]: ci-info: +-------+-------------+---------+-----------+-------+
[   10.024965] cloud-init[664]: ci-info: | Route | Destination | Gateway | Interface | Flags |
[   10.028258] cloud-init[664]: ci-info: +-------+-------------+---------+-----------+-------+
[   10.030368] cloud-init[664]: ci-info: |   1   |  fe80::/64  |    ::   |   enp0s3  |   U   |
[   10.032126] cloud-init[664]: ci-info: |   3   |    local    |    ::   |   enp0s3  |   U   |
[   10.080549] cloud-init[664]: ci-info: |   4   |   ff00::/8  |    ::   |   enp0s3  |   U   |
[   10.102502] cloud-init[664]: ci-info: +-------+-------------+---------+-----------+-------+
[   10.688740] cloud-init[664]: Generating public/private rsa key pair.
[   10.690751] cloud-init[664]: Your identification has been saved in /etc/ssh/ssh_host_rsa_key.
[   10.693270] cloud-init[664]: Your public key has been saved in /etc/ssh/ssh_host_rsa_key.pub.
[   10.700787] cloud-init[664]: The key fingerprint is:
[   10.701833] cloud-init[664]: SHA256:OA6676IKgQp05hZfriFx2WVFbdZaDKIP6ervujc/ZYA root@ubuntu-bionic
[[   10.803014] cloud-init[664]: The key's randomart image is:
[   10.804025] cloud-init[664]: +---[RSA 2048]----+
[   10.804904] cloud-init[664]: |         oo+..+  |
[   10.805853] cloud-init[664]: |      o o o .+ + |
[   10.806621] cloud-init[664]: | . = o o +. o o  |
[   10.806660] cloud-init[664]: |o + = o..Eo. .   |
[   10.806696] cloud-init[664]: |+  +.oo.S. ..    |
[   10.806726] cloud-init[664]: |o....oo..    o   |
[   10.806760] cloud-init[664]: |o .  ...    o    |
[   10.806790] cloud-init[664]: |. ..  .  o .     |
[   10.806823] cloud-init[664]: |+..+o  +*oo..    |
[   10.806855] cloud-init[664]: +----[SHA256]-----+
[   10.806884] cloud-init[664]: Generating public/private dsa key pair.
[   10.806915] cloud-init[664]: Your identification has been saved in /etc/ssh/ssh_host_dsa_key.
[   10.806947] cloud-init[664]: Your public key has been saved in /etc/ssh/ssh_host_dsa_key.pub.
[   10.806975] cloud-init[664]: The key fingerprint is:
[   10.807002] cloud-init[664]: SHA256:HVx+tmJnSQg+HE27kaHFKMysz4IftJ6w4eqfIt0R/nI root@ubuntu-bionic
[   10.807032] cloud-init[664]: The key's randomart image is:
[   10.807058] cloud-init[664]: +---[DSA 1024]----+
[   10.807087] cloud-init[664]: |       +  o==    |
[   10.807116] cloud-init[664]: |        =+.Bo=   |
[   10.807146] cloud-init[664]: |       . .B * +  |
[   10.807178] cloud-init[664]: |    . o  . o * o |
[   10.807206] cloud-init[664]: |   . + +S . + =  |
[   10.807234] cloud-init[664]: |    * + o  . +   |
[   10.807262] cloud-init[664]: | . o O +         |
[   10.807292] cloud-init[664]: |. o =.E          |
[   10.807320] cloud-init[664]: | oo+oo           |
[   10.807350] cloud-init[664]: +----[SHA256]-----+
[   10.807380] cloud-init[664]: Generating public/private ecdsa key pair.
[   10.807410] cloud-init[664]: Your identification has been saved in /etc/ssh/ssh_host_ecdsa_key.
[   10.807440] cloud-init[664]: Your public key has been saved in /etc/ssh/ssh_host_ecdsa_key.pub.
[   10.807469] cloud-init[664]: The key fingerprint is:
[   10.807496] cloud-init[664]: SHA256:0/+NXaimU/IoUtZmBkjaXN9qMRswtyToOVryw+yeYQU root@ubuntu-bionic
[   10.807526] cloud-init[664]: The key's randomart image is:
[   10.807556] cloud-init[664]: +---[ECDSA 256]---+
[   10.807583] cloud-init[664]: |       .         |
[   10.807610] cloud-init[664]: |      o = o      |
[   10.807640] cloud-init[664]: |     *E+ B o     |
[   10.807670] cloud-init[664]: |    o O...* .    |
[   10.807708] cloud-init[664]: |     B .So.*     |
[   10.807744] cloud-init[664]: |    . =.o.X..  . |
[   10.807775] cloud-init[664]: |     .o+ = =. . .|
[   10.807804] cloud-init[664]: |     .oo. o oo +.|
[   10.807832] cloud-init[664]: |     .o. ..+. o o|
[   10.807858] cloud-init[664]: +----[SHA256]-----+
[   10.807885] cloud-init[664]: Generating public/private ed25519 key pair.
[   10.807915] cloud-init[664]: Your identification has been saved in /etc/ssh/ssh_host_ed25519_key.
[   10.807946] cloud-init[664]: Your public key has been saved in /etc/ssh/ssh_host_ed25519_key.pub.
[   10.807973] cloud-init[664]: The key fingerprint is:
[   10.808000] cloud-init[664]: SHA256:1tnckIlJxrA6XdgtlDv4pcHheUn9EiHphFoYzrfGuNc root@ubuntu-bionic
[0;32m  OK  [0m] Started Initial cloud-init job (metadata service crawler).
[[0;32m  OK  [0m] Reached target System Initialization.
[[0;32m  OK  [0m] Started Message of the Day.
[   10.811870] cloud-init[664]: The key's randomart image is:
         Starting LXD - unix socket.
[[0;32m  OK  [0m] Listening on UUID daemon activation socket.
[[0;32m  OK  [0m] Started Discard unused blocks once a week.
[   10.932985] cloud-init[664]: +--[ED25519 256]--+
[[0;32m  OK  [0m] Started ACPI Events Check.[   11.032857] cloud-init[664]: |        o=+o.o.. |
[   11.033080] cloud-init[664]: |       o.B*+++o  |
[   11.033268] cloud-init[664]: |        =*BB=. o |
[   11.033443] cloud-init[664]: |       oo*B*=o. .|
[   11.033589] cloud-init[664]: |      o S.**o .. |
[   11.033728] cloud-init[664]: |       o oo.     |
[   11.033875] cloud-init[664]: |        . . E    |
[   11.034129] cloud-init[664]: |         .       |
[   11.034439] cloud-init[664]: |                 |
[   11.034602] cloud-init[664]: +----[SHA256]-----+

[[0;32m  OK  [0m] Reached target Paths.
[[0;32m  OK  [0m] Started Daily Cleanup of Temporary Directories.
[[0;32m  OK  [0m] Listening on ACPID Listen Socket.
[[0;32m  OK  [0m] Listening on D-Bus System Message Bus Socket.
         Starting Socket activation for snappy daemon.
[[0;32m  OK  [0m] Listening on Open-iSCSI iscsid Socket.
[[0;32m  OK  [0m] Started Daily apt download activities.
[[0;32m  OK  [0m] Started Daily apt upgrade and clean activities.
[[0;32m  OK  [0m] Reached target Timers.
[[0;32m  OK  [0m] Reached target Network is Online.
         Starting Availability of block devices...
[[0;32m  OK  [0m] Reached target Remote File Systems (Pre).
[[0;32m  OK  [0m] Reached target Remote File Systems.
[[0;32m  OK  [0m] Reached target Cloud-config availability.
[[0;32m  OK  [0m] Listening on LXD - unix socket.
[[0;32m  OK  [0m] Listening on Socket activation for snappy daemon.
[[0;32m  OK  [0m] Started Availability of block devices.
[[0;32m  OK  [0m] Reached target Sockets.
[[0;32m  OK  [0m] Reached target Basic System.
[[0;32m  OK  [0m] Started FUSE filesystem for LXC.
         Starting System Logging Service...
[[0;32m  OK  [0m] Started Regular background program processing daemon.
         Starting LXD - container startup/shutdown...
         Starting Accounts Service...
[[0;32m  OK  [0m] Started Deferred execution scheduler.
         Starting Login Service...
         Starting Dispatcher daemon for systemd-networkd...
         Starting LSB: Record successful boot for GRUB...
         Starting LSB: automatic crash report generation...
[[0;32m  OK  [0m] Started D-Bus System Message Bus.
         Starting Permit User Sessions...
         Starting Virtualbox guest utils...
[[0;32m  OK  [0m] Started irqbalance daemon.
         Starting Pollinate to seed the pseudo random number generator...
         Starting Snappy daemon...
[[0;32m  OK  [0m] Started System Logging Service.
[[0;32m  OK  [0m] Started LXD - container startup/shutdown.
[[0;32m  OK  [0m] Started Permit User Sessions.
[[0;32m  OK  [0m] Started Login Service.
         Starting Authorization Manager...
[[0;32m  OK  [0m] Started Unattended Upgrades Shutdown.
         Starting Hold until boot process finishes up...
         Starting Terminate Plymouth Boot Screen...
[[0;32m  OK  [0m] Started Dispatcher daemon for systemd-networkd.
[[0;32m  OK  [0m] Started LSB: automatic crash report generation.
[[0;32m  OK  [0m] Started Hold until boot process finishes up.
[[0;32m  OK  [0m] Started LSB: Record successful boot for GRUB.
[[0;32m  OK  [0m] Started Terminate Plymouth Boot Screen.
[[0;32m  OK  [0m] Started Authorization Manager.
[[0;32m  OK  [0m] Started Accounts Service.
         Starting Set console scheme...
[[0;32m  OK  [0m] Started Serial Getty on ttyS0.
[[0;32m  OK  [0m] Started Virtualbox guest utils.
[[0;32m  OK  [0m] Started Set console scheme.
[[0;32m  OK  [0m] Created slice system-getty.slice.
[[0;32m  OK  [0m] Started Getty on tty1.
[[0;32m  OK  [0m] Reached target Login Prompts.
[[0;32m  OK  [0m] Started Snappy daemon.
         Starting Wait until snapd is fully seeded...
[[0;32m  OK  [0m] Started Pollinate to seed the pseudo random number generator.
         Starting OpenBSD Secure Shell server...
[[0;32m  OK  [0m] Started OpenBSD Secure Shell server.
[[0;32m  OK  [0m] Created slice User Slice of vagrant.
         Starting User Manager for UID 1000...
[[0;32m  OK  [0m] Started Session 1 of user vagrant.
[[0;32m  OK  [0m] Started User Manager for UID 1000.

Ubuntu 18.04.3 LTS ubuntu-bionic ttyS0

ubuntu-bionic login: [   29.635023] cloud-init[1853]: Cloud-init v. 19.2-36-g059d049c-0ubuntu2~18.04.1 running 'modules:config' at Mon, 18 Nov 2019 23:53:18 +0000. Up 29.32 seconds.
ci-info: no authorized ssh keys fingerprints found for user ubuntu.
<14>Nov 18 23:53:19 ec2: 
<14>Nov 18 23:53:19 ec2: #############################################################
<14>Nov 18 23:53:19 ec2: -----BEGIN SSH HOST KEY FINGERPRINTS-----
<14>Nov 18 23:53:19 ec2: 1024 SHA256:HVx+tmJnSQg+HE27kaHFKMysz4IftJ6w4eqfIt0R/nI root@ubuntu-bionic (DSA)
<14>Nov 18 23:53:19 ec2: 256 SHA256:0/+NXaimU/IoUtZmBkjaXN9qMRswtyToOVryw+yeYQU root@ubuntu-bionic (ECDSA)
<14>Nov 18 23:53:19 ec2: 256 SHA256:1tnckIlJxrA6XdgtlDv4pcHheUn9EiHphFoYzrfGuNc root@ubuntu-bionic (ED25519)
<14>Nov 18 23:53:19 ec2: 2048 SHA256:OA6676IKgQp05hZfriFx2WVFbdZaDKIP6ervujc/ZYA root@ubuntu-bionic (RSA)
<14>Nov 18 23:53:19 ec2: -----END SSH HOST KEY FINGERPRINTS-----
<14>Nov 18 23:53:19 ec2: #############################################################
-----BEGIN SSH HOST KEY KEYS-----
ecdsa-sha2-nistp256 AAAAE2VjZHNhLXNoYTItbmlzdHAyNTYAAAAIbmlzdHAyNTYAAABBBKXKX0JML5i3ToOuiJ8rKFWrBRUPgh4KuUhmNDhsJr47kpjyfyCqFHcHTbOrZEnJD6K74AZPopwFjQ6cUQqPoIU= root@ubuntu-bionic
ssh-ed25519 AAAAC3NzaC1lZDI1NTE5AAAAII4gODeL8pYSzKASEMw9QJlXIlH6UyWtIJHlNnKcblWV root@ubuntu-bionic
ssh-rsa AAAAB3NzaC1yc2EAAAADAQABAAABAQDdRHKcYPx+AeuR4/z9iJBFYQR8qfK/CPOG28A2BiY1SbFBJPgiaKKZGc0Jyjr6wUBFk/Le/kc8hb1G8UXA0SboiBDFRtn9GR15mWg0pmdURx2SQP+Hh168TygSPByzULrMPWKA+3iDbEzURre0gfulCZEbfQArP38fEWg3J68Ll8nZ/t6m7BoyeLU+OXFjInrbFsBOAH5lcJI9paoCMKSIExSMtfmmFADERr6kernzaosJkP2g/906n3tk1wOvA4JnbztmRRUqMngTAoMeAZhxEw482X74wAJppvBFr9YmjC9dV/5tbOePnhTrb1ZEY9GvipZyXjW9vqj29s86vP2T root@ubuntu-bionic
-----END SSH HOST KEY KEYS-----
[   30.080956] cloud-init[1905]: Cloud-init v. 19.2-36-g059d049c-0ubuntu2~18.04.1 running 'modules:final' at Mon, 18 Nov 2019 23:53:19 +0000. Up 29.97 seconds.
[   30.081023] cloud-init[1905]: ci-info: no authorized ssh keys fingerprints found for user ubuntu.
[   30.081070] cloud-init[1905]: Cloud-init v. 19.2-36-g059d049c-0ubuntu2~18.04.1 finished at Mon, 18 Nov 2019 23:53:19 +0000. Datasource DataSourceNoCloud [seed=/dev/sdb][dsmode=net].  Up 30.07 seconds
